[debug] [2026-04-13T00:26:53.238Z] ----------------------------------------------------------------------
[debug] [2026-04-13T00:26:53.240Z] Command:       /opt/homebrew/Cellar/node/25.8.2/bin/node /opt/homebrew/bin/firebase emulators:start --only functions
[debug] [2026-04-13T00:26:53.240Z] CLI Version:   15.14.0
[debug] [2026-04-13T00:26:53.240Z] Platform:      darwin
[debug] [2026-04-13T00:26:53.240Z] Node Version:  v25.8.2
[debug] [2026-04-13T00:26:53.240Z] Time:          Sun Apr 12 2026 21:26:53 GMT-0300 (Brasilia Standard Time)
[debug] [2026-04-13T00:26:53.240Z] ----------------------------------------------------------------------
[debug] 
[debug] [2026-04-13T00:26:53.858Z] > command requires scopes: ["email","openid","https://www.googleapis.com/auth/cloudplatformprojects.readonly","https://www.googleapis.com/auth/firebase","https://www.googleapis.com/auth/cloud-platform"]
[debug] [2026-04-13T00:26:53.858Z] > authorizing via signed-in user (ivanlinsc2@gmail.com)
[info] i  emulators: Starting emulators: functions {"metadata":{"emulator":{"name":"hub"},"message":"Starting emulators: functions"}}
[debug] [2026-04-13T00:26:54.041Z] [logging] Logging Emulator only supports listening on one address (127.0.0.1). Not listening on ::1
[debug] [2026-04-13T00:26:54.041Z] assigned listening specs for emulators {"user":{"hub":[{"address":"127.0.0.1","family":"IPv4","port":4401},{"address":"::1","family":"IPv6","port":4401}],"ui":[{"address":"127.0.0.1","family":"IPv4","port":4001},{"address":"::1","family":"IPv6","port":4001}],"logging":[{"address":"127.0.0.1","family":"IPv4","port":4501}]},"metadata":{"message":"assigned listening specs for emulators"}}
[debug] [2026-04-13T00:26:54.044Z] Write emulator hub locator at /var/folders/6b/vd0st2wn7xs2gdtb97t1s6jc0000gn/T/hub-taskos-a2080.json
[debug] [2026-04-13T00:26:54.205Z] [eventarc] Eventarc Emulator only supports listening on one address (127.0.0.1). Not listening on ::1
[debug] [2026-04-13T00:26:54.205Z] [tasks] Cloud Tasks Emulator only supports listening on one address (127.0.0.1). Not listening on ::1
[debug] [2026-04-13T00:26:54.205Z] late-assigned ports for functions and eventarc emulators {"user":{"hub":[{"address":"127.0.0.1","family":"IPv4","port":4401},{"address":"::1","family":"IPv6","port":4401}],"ui":[{"address":"127.0.0.1","family":"IPv4","port":4001},{"address":"::1","family":"IPv6","port":4001}],"logging":[{"address":"127.0.0.1","family":"IPv4","port":4501}],"functions":[{"address":"127.0.0.1","family":"IPv4","port":5002}],"eventarc":[{"address":"127.0.0.1","family":"IPv4","port":9300}],"tasks":[{"address":"127.0.0.1","family":"IPv4","port":9500}]},"metadata":{"message":"late-assigned ports for functions and eventarc emulators"}}
[warn] ⚠  functions: The following emulators are not running, calls to these services from the Functions emulator will affect production: apphosting, auth, firestore, database, hosting, pubsub, storage, dataconnect {"metadata":{"emulator":{"name":"functions"},"message":"The following emulators are not running, calls to these services from the Functions emulator will affect production: \u001b[1mapphosting, auth, firestore, database, hosting, pubsub, storage, dataconnect\u001b[22m"}}
[debug] [2026-04-13T00:26:54.263Z] defaultcredentials: writing to file /Users/ivancosta/.config/firebase/ivanlinsc2_gmail_com_application_default_credentials.json
[debug] [2026-04-13T00:26:54.263Z] Setting GAC to /Users/ivancosta/.config/firebase/ivanlinsc2_gmail_com_application_default_credentials.json {"metadata":{"emulator":{"name":"functions"},"message":"Setting GAC to /Users/ivancosta/.config/firebase/ivanlinsc2_gmail_com_application_default_credentials.json"}}
[debug] [2026-04-13T00:26:54.264Z] Checked if tokens are valid: false, expires at: 1776015930826
[debug] [2026-04-13T00:26:54.264Z] Checked if tokens are valid: false, expires at: 1776015930826
[debug] [2026-04-13T00:26:54.264Z] > refreshing access token with scopes: []
[debug] [2026-04-13T00:26:54.265Z] >>> [apiv2][query] POST https://www.googleapis.com/oauth2/v3/token [none]
[debug] [2026-04-13T00:26:54.265Z] >>> [apiv2][body] POST https://www.googleapis.com/oauth2/v3/token [omitted]
[debug] [2026-04-13T00:26:54.573Z] <<< [apiv2][status] POST https://www.googleapis.com/oauth2/v3/token 200
[debug] [2026-04-13T00:26:54.573Z] <<< [apiv2][body] POST https://www.googleapis.com/oauth2/v3/token [omitted]
[debug] [2026-04-13T00:26:54.590Z] >>> [apiv2][query] GET https://firebase.googleapis.com/v1beta1/projects/taskos-a2080/adminSdkConfig [none]
[debug] [2026-04-13T00:26:55.241Z] <<< [apiv2][status] GET https://firebase.googleapis.com/v1beta1/projects/taskos-a2080/adminSdkConfig 200
[debug] [2026-04-13T00:26:55.241Z] <<< [apiv2][body] GET https://firebase.googleapis.com/v1beta1/projects/taskos-a2080/adminSdkConfig {"projectId":"taskos-a2080","storageBucket":"taskos-a2080.firebasestorage.app"}
[info] i  functions: Watching "/Users/ivancosta/Desktop/WORK/TaskOS/functions" for Cloud Functions... {"metadata":{"emulator":{"name":"functions"},"message":"Watching \"/Users/ivancosta/Desktop/WORK/TaskOS/functions\" for Cloud Functions..."}}
[debug] [2026-04-13T00:26:55.252Z] Validating nodejs source
[debug] [2026-04-13T00:26:55.634Z] > [functions] package.json contents: {
  "name": "functions",
  "private": true,
  "main": "lib/index.js",
  "type": "commonjs",
  "engines": {
    "node": "20"
  },
  "scripts": {
    "build": "tsc -p tsconfig.json",
    "serve": "npm run build && firebase emulators:start --only functions",
    "deploy": "firebase deploy --only functions",
    "logs": "firebase functions:log"
  },
  "dependencies": {
    "@genkit-ai/google-genai": "^1.32.0",
    "firebase-admin": "^13.8.0",
    "firebase-functions": "^7.2.5",
    "genkit": "^1.32.0",
    "zod": "^3.25.76"
  },
  "devDependencies": {
    "typescript": "^5.9.3"
  }
}
[debug] [2026-04-13T00:26:55.634Z] Building nodejs source
[debug] [2026-04-13T00:26:55.634Z] Failed to find version of module node: reached end of search path /Users/ivancosta/Desktop/WORK/TaskOS/functions/node_modules
[warn] ⚠  functions: Your requested "node" version "20" doesn't match your global version "25". Using node@25 from host. 
[debug] [2026-04-13T00:26:55.635Z] Could not find functions.yaml. Must use http discovery
[debug] [2026-04-13T00:26:55.638Z] Found firebase-functions binary at '/Users/ivancosta/Desktop/WORK/TaskOS/functions/node_modules/.bin/firebase-functions'
[info] Serving at port 8587

[debug] [2026-04-13T00:26:55.982Z] Got response from /__/functions.yaml {"endpoints":{"assistantFlowCallable":{"availableMemoryMb":null,"timeoutSeconds":null,"minInstances":null,"maxInstances":null,"ingressSettings":null,"concurrency":null,"serviceAccountEmail":null,"vpc":null,"platform":"gcfv2","secretEnvironmentVariables":[{"key":"GEMINI_API_KEY"}],"labels":{},"callableTrigger":{"genkitAction":"assistantFlow"},"entryPoint":"assistantFlowCallable"},"assistantImageFlowCallable":{"availableMemoryMb":null,"timeoutSeconds":null,"minInstances":null,"maxInstances":null,"ingressSettings":null,"concurrency":null,"serviceAccountEmail":null,"vpc":null,"platform":"gcfv2","secretEnvironmentVariables":[{"key":"GEMINI_API_KEY"}],"labels":{},"callableTrigger":{"genkitAction":"assistantImageFlow"},"entryPoint":"assistantImageFlowCallable"}},"specVersion":"v1alpha1","requiredAPIs":[],"extensions":{},"params":[{"type":"secret","name":"GEMINI_API_KEY"}]}
[info] ✔  functions: Loaded functions definitions from source: assistantFlowCallable, assistantImageFlowCallable. {"metadata":{"emulator":{"name":"functions"},"message":"Loaded functions definitions from source: assistantFlowCallable, assistantImageFlowCallable."}}
[info] ✔  functions[us-central1-assistantFlowCallable]: http function initialized (http://127.0.0.1:5002/taskos-a2080/us-central1/assistantFlowCallable). {"metadata":{"emulator":{"name":"functions"},"message":"\u001b[1mhttp\u001b[22m function initialized (http://127.0.0.1:5002/taskos-a2080/us-central1/assistantFlowCallable)."}}
[info] ✔  functions[us-central1-assistantImageFlowCallable]: http function initialized (http://127.0.0.1:5002/taskos-a2080/us-central1/assistantImageFlowCallable). {"metadata":{"emulator":{"name":"functions"},"message":"\u001b[1mhttp\u001b[22m function initialized (http://127.0.0.1:5002/taskos-a2080/us-central1/assistantImageFlowCallable)."}}
[debug] [2026-04-13T00:27:00.019Z] Could not find VSCode notification endpoint: FetchError: request to http://localhost:40001/vscode/notify failed, reason: . If you are not running the Firebase Data Connect VSCode extension, this is expected and not an issue.
[info] 
┌─────────────────────────────────────────────────────────────┐
│ ✔  All emulators ready! It is now safe to connect your app. │
│ i  View Emulator UI at http://127.0.0.1:4001/               │
└─────────────────────────────────────────────────────────────┘

┌───────────┬────────────────┬─────────────────────────────────┐
│ Emulator  │ Host:Port      │ View in Emulator UI             │
├───────────┼────────────────┼─────────────────────────────────┤
│ Functions │ 127.0.0.1:5002 │ http://127.0.0.1:4001/functions │
└───────────┴────────────────┴─────────────────────────────────┘
  Emulator Hub host: 127.0.0.1 port: 4401
  Other reserved ports: 4501

Issues? Report them at https://github.com/firebase/firebase-tools/issues and attach the *-debug.log files.
 
[debug] [2026-04-13T00:27:06.790Z] [work-queue] {"queuedWork":["/taskos-a2080/us-central1/assistantFlowCallable-2026-04-13T00:27:06.790Z"],"queueLength":1,"runningWork":[],"workRunningCount":0}
[debug] [2026-04-13T00:27:06.791Z] [work-queue] {"queuedWork":[],"queueLength":0,"runningWork":["/taskos-a2080/us-central1/assistantFlowCallable-2026-04-13T00:27:06.790Z"],"workRunningCount":1}
[debug] [2026-04-13T00:27:06.791Z] Accepted request OPTIONS /taskos-a2080/us-central1/assistantFlowCallable --> us-central1-assistantFlowCallable
[debug] [2026-04-13T00:27:06.793Z] [functions] Runtime ready! Sending request! {"metadata":{"emulator":{"name":"functions"},"message":"[functions] Runtime ready! Sending request!"}}
[debug] [2026-04-13T00:27:06.793Z] [functions] Got req.url=/taskos-a2080/us-central1/assistantFlowCallable, mapping to path=/ {"metadata":{"emulator":{"name":"functions"},"message":"[functions] Got req.url=/taskos-a2080/us-central1/assistantFlowCallable, mapping to path=/"}}
[debug] [2026-04-13T00:27:06.799Z] [worker-pool] addWorker(us-central1-assistantFlowCallable) {"metadata":{"emulator":{"name":"functions"},"message":"[worker-pool] addWorker(us-central1-assistantFlowCallable)"}}
[debug] [2026-04-13T00:27:06.800Z] [worker-pool] Adding worker with key us-central1-assistantFlowCallable, total=1 {"metadata":{"emulator":{"name":"functions"},"message":"[worker-pool] Adding worker with key us-central1-assistantFlowCallable, total=1"}}
[debug] [2026-04-13T00:27:07.079Z] [runtime-status] [65247] Resolved module firebase-admin {"declared":true,"installed":true,"version":"13.8.0","resolution":"/Users/ivancosta/Desktop/WORK/TaskOS/functions/node_modules/firebase-admin/lib/index.js"} {"metadata":{"emulator":{"name":"functions"},"function":{"name":"us-central1-assistantFlowCallable"},"extension":{},"message":"[runtime-status] [65247] Resolved module firebase-admin {\"declared\":true,\"installed\":true,\"version\":\"13.8.0\",\"resolution\":\"/Users/ivancosta/Desktop/WORK/TaskOS/functions/node_modules/firebase-admin/lib/index.js\"}"}}
[debug] [2026-04-13T00:27:07.080Z] [runtime-status] [65247] Resolved module firebase-functions {"declared":true,"installed":true,"version":"7.2.5","resolution":"/Users/ivancosta/Desktop/WORK/TaskOS/functions/node_modules/firebase-functions/lib/v2/index.js"} {"metadata":{"emulator":{"name":"functions"},"function":{"name":"us-central1-assistantFlowCallable"},"extension":{},"message":"[runtime-status] [65247] Resolved module firebase-functions {\"declared\":true,\"installed\":true,\"version\":\"7.2.5\",\"resolution\":\"/Users/ivancosta/Desktop/WORK/TaskOS/functions/node_modules/firebase-functions/lib/v2/index.js\"}"}}
[debug] [2026-04-13T00:27:07.080Z] [runtime-status] [65247] Outgoing network have been stubbed. [{"name":"http","status":"mocked"},{"name":"http","status":"mocked"},{"name":"https","status":"mocked"},{"name":"https","status":"mocked"},{"name":"net","status":"mocked"}] {"metadata":{"emulator":{"name":"functions"},"function":{"name":"us-central1-assistantFlowCallable"},"extension":{},"message":"[runtime-status] [65247] Outgoing network have been stubbed. [{\"name\":\"http\",\"status\":\"mocked\"},{\"name\":\"http\",\"status\":\"mocked\"},{\"name\":\"https\",\"status\":\"mocked\"},{\"name\":\"https\",\"status\":\"mocked\"},{\"name\":\"net\",\"status\":\"mocked\"}]"}}
[debug] [2026-04-13T00:27:07.080Z] [runtime-status] [65247] Resolved module firebase-functions {"declared":true,"installed":true,"version":"7.2.5","resolution":"/Users/ivancosta/Desktop/WORK/TaskOS/functions/node_modules/firebase-functions/lib/v2/index.js"} {"metadata":{"emulator":{"name":"functions"},"function":{"name":"us-central1-assistantFlowCallable"},"extension":{},"message":"[runtime-status] [65247] Resolved module firebase-functions {\"declared\":true,\"installed\":true,\"version\":\"7.2.5\",\"resolution\":\"/Users/ivancosta/Desktop/WORK/TaskOS/functions/node_modules/firebase-functions/lib/v2/index.js\"}"}}
[debug] [2026-04-13T00:27:07.080Z] [runtime-status] [65247] Detected firebase-functions v7+, skipping legacy stubs. {"metadata":{"emulator":{"name":"functions"},"function":{"name":"us-central1-assistantFlowCallable"},"extension":{},"message":"[runtime-status] [65247] Detected firebase-functions v7+, skipping legacy stubs."}}
[debug] [2026-04-13T00:27:07.080Z] [runtime-status] [65247] Resolved module firebase-admin {"declared":true,"installed":true,"version":"13.8.0","resolution":"/Users/ivancosta/Desktop/WORK/TaskOS/functions/node_modules/firebase-admin/lib/index.js"} {"metadata":{"emulator":{"name":"functions"},"function":{"name":"us-central1-assistantFlowCallable"},"extension":{},"message":"[runtime-status] [65247] Resolved module firebase-admin {\"declared\":true,\"installed\":true,\"version\":\"13.8.0\",\"resolution\":\"/Users/ivancosta/Desktop/WORK/TaskOS/functions/node_modules/firebase-admin/lib/index.js\"}"}}
[debug] [2026-04-13T00:27:07.093Z] [runtime-status] [65247] Resolved module firebase-functions {"declared":true,"installed":true,"version":"7.2.5","resolution":"/Users/ivancosta/Desktop/WORK/TaskOS/functions/node_modules/firebase-functions/lib/v2/index.js"} {"metadata":{"emulator":{"name":"functions"},"function":{"name":"us-central1-assistantFlowCallable"},"extension":{},"message":"[runtime-status] [65247] Resolved module firebase-functions {\"declared\":true,\"installed\":true,\"version\":\"7.2.5\",\"resolution\":\"/Users/ivancosta/Desktop/WORK/TaskOS/functions/node_modules/firebase-functions/lib/v2/index.js\"}"}}
[debug] [2026-04-13T00:27:07.167Z] [runtime-status] [65247] firebase-admin has been stubbed. {"adminResolution":{"declared":true,"installed":true,"version":"13.8.0","resolution":"/Users/ivancosta/Desktop/WORK/TaskOS/functions/node_modules/firebase-admin/lib/index.js"}} {"metadata":{"emulator":{"name":"functions"},"function":{"name":"us-central1-assistantFlowCallable"},"extension":{},"message":"[runtime-status] [65247] firebase-admin has been stubbed. {\"adminResolution\":{\"declared\":true,\"installed\":true,\"version\":\"13.8.0\",\"resolution\":\"/Users/ivancosta/Desktop/WORK/TaskOS/functions/node_modules/firebase-admin/lib/index.js\"}}"}}
[debug] [2026-04-13T00:27:07.310Z] [runtime-status] [65247] Functions runtime initialized. {"cwd":"/Users/ivancosta/Desktop/WORK/TaskOS/functions","node_version":"25.8.2"} {"metadata":{"emulator":{"name":"functions"},"function":{"name":"us-central1-assistantFlowCallable"},"extension":{},"message":"[runtime-status] [65247] Functions runtime initialized. {\"cwd\":\"/Users/ivancosta/Desktop/WORK/TaskOS/functions\",\"node_version\":\"25.8.2\"}"}}
[debug] [2026-04-13T00:27:07.310Z] [runtime-status] [65247] Listening to port: /var/folders/6b/vd0st2wn7xs2gdtb97t1s6jc0000gn/T/fire_emu_4aa13ba079004851.sock {"metadata":{"emulator":{"name":"functions"},"function":{"name":"us-central1-assistantFlowCallable"},"extension":{},"message":"[runtime-status] [65247] Listening to port: /var/folders/6b/vd0st2wn7xs2gdtb97t1s6jc0000gn/T/fire_emu_4aa13ba079004851.sock"}}
[debug] [2026-04-13T00:27:07.411Z] [worker-us-central1-assistantFlowCallable-e6ad4a3d-ed1d-4cf8-a229-1835f6adb544]: IDLE {"metadata":{"emulator":{"name":"functions"},"function":{"name":"us-central1-assistantFlowCallable"},"extension":{},"message":"[worker-us-central1-assistantFlowCallable-e6ad4a3d-ed1d-4cf8-a229-1835f6adb544]: IDLE"}}
[debug] [2026-04-13T00:27:07.411Z] [worker-pool] submitRequest(triggerId=us-central1-assistantFlowCallable) {"metadata":{"emulator":{"name":"functions"},"message":"[worker-pool] submitRequest(triggerId=us-central1-assistantFlowCallable)"}}
[info] i  functions: Beginning execution of "us-central1-assistantFlowCallable" {"metadata":{"emulator":{"name":"functions"},"function":{"name":"us-central1-assistantFlowCallable"},"extension":{},"message":"Beginning execution of \"us-central1-assistantFlowCallable\""}}
[debug] [2026-04-13T00:27:07.412Z] [worker-us-central1-assistantFlowCallable-e6ad4a3d-ed1d-4cf8-a229-1835f6adb544]: BUSY {"metadata":{"emulator":{"name":"functions"},"function":{"name":"us-central1-assistantFlowCallable"},"extension":{},"message":"[worker-us-central1-assistantFlowCallable-e6ad4a3d-ed1d-4cf8-a229-1835f6adb544]: BUSY"}}
[debug] [2026-04-13T00:27:07.413Z] Finishing up request with event=pause {"metadata":{"emulator":{"name":"functions"},"function":{"name":"us-central1-assistantFlowCallable"},"extension":{},"message":"Finishing up request with event=pause"}}
[info] i  functions: Finished "us-central1-assistantFlowCallable" in 1.4235ms {"metadata":{"emulator":{"name":"functions"},"function":{"name":"us-central1-assistantFlowCallable"},"extension":{},"message":"Finished \"us-central1-assistantFlowCallable\" in 1.4235ms"}}
[debug] [2026-04-13T00:27:07.413Z] [worker-us-central1-assistantFlowCallable-e6ad4a3d-ed1d-4cf8-a229-1835f6adb544]: IDLE {"metadata":{"emulator":{"name":"functions"},"function":{"name":"us-central1-assistantFlowCallable"},"extension":{},"message":"[worker-us-central1-assistantFlowCallable-e6ad4a3d-ed1d-4cf8-a229-1835f6adb544]: IDLE"}}
[debug] [2026-04-13T00:27:07.413Z] Finishing up request with event=finish {"metadata":{"emulator":{"name":"functions"},"function":{"name":"us-central1-assistantFlowCallable"},"extension":{},"message":"Finishing up request with event=finish"}}
[debug] [2026-04-13T00:27:07.413Z] Finishing up request with event=close {"metadata":{"emulator":{"name":"functions"},"function":{"name":"us-central1-assistantFlowCallable"},"extension":{},"message":"Finishing up request with event=close"}}
[debug] [2026-04-13T00:27:07.413Z] [work-queue] {"queuedWork":[],"queueLength":0,"runningWork":[],"workRunningCount":0}
[debug] [2026-04-13T00:27:07.414Z] [work-queue] {"queuedWork":["/taskos-a2080/us-central1/assistantFlowCallable-2026-04-13T00:27:07.414Z"],"queueLength":1,"runningWork":[],"workRunningCount":0}
[debug] [2026-04-13T00:27:07.414Z] [work-queue] {"queuedWork":[],"queueLength":0,"runningWork":["/taskos-a2080/us-central1/assistantFlowCallable-2026-04-13T00:27:07.414Z"],"workRunningCount":1}
[debug] [2026-04-13T00:27:07.414Z] Accepted request POST /taskos-a2080/us-central1/assistantFlowCallable --> us-central1-assistantFlowCallable
[debug] [2026-04-13T00:27:07.414Z] [functions] Runtime ready! Sending request! {"metadata":{"emulator":{"name":"functions"},"message":"[functions] Runtime ready! Sending request!"}}
[debug] [2026-04-13T00:27:07.415Z] [functions] Got req.url=/taskos-a2080/us-central1/assistantFlowCallable, mapping to path=/ {"metadata":{"emulator":{"name":"functions"},"message":"[functions] Got req.url=/taskos-a2080/us-central1/assistantFlowCallable, mapping to path=/"}}
[debug] [2026-04-13T00:27:07.415Z] [worker-pool] submitRequest(triggerId=us-central1-assistantFlowCallable) {"metadata":{"emulator":{"name":"functions"},"message":"[worker-pool] submitRequest(triggerId=us-central1-assistantFlowCallable)"}}
[info] i  functions: Beginning execution of "us-central1-assistantFlowCallable" {"metadata":{"emulator":{"name":"functions"},"function":{"name":"us-central1-assistantFlowCallable"},"extension":{},"message":"Beginning execution of \"us-central1-assistantFlowCallable\""}}
[debug] [2026-04-13T00:27:07.415Z] [worker-us-central1-assistantFlowCallable-e6ad4a3d-ed1d-4cf8-a229-1835f6adb544]: BUSY {"metadata":{"emulator":{"name":"functions"},"function":{"name":"us-central1-assistantFlowCallable"},"extension":{},"message":"[worker-us-central1-assistantFlowCallable-e6ad4a3d-ed1d-4cf8-a229-1835f6adb544]: BUSY"}}
[info] >  {"verifications":{"app":"MISSING","auth":"VALID"},"logging.googleapis.com/labels":{"firebase-log-type":"callable-request-verification"},"severity":"DEBUG","message":"Callable request verification passed"} {"user":{"verifications":{"app":"MISSING","auth":"VALID"},"logging.googleapis.com/labels":{"firebase-log-type":"callable-request-verification"},"severity":"DEBUG","message":"Callable request verification passed"},"metadata":{"emulator":{"name":"functions"},"function":{"name":"us-central1-assistantFlowCallable"},"extension":{},"message":"\u001b[90m> \u001b[39m {\"verifications\":{\"app\":\"MISSING\",\"auth\":\"VALID\"},\"logging.googleapis.com/labels\":{\"firebase-log-type\":\"callable-request-verification\"},\"severity\":\"DEBUG\",\"message\":\"Callable request verification passed\"}"}}
[warn] ⚠  Google API requested!
   - URL: "https://oauth2.googleapis.com/token"
   - Be careful, this may be a production service. {"metadata":{"emulator":{"name":"functions"},"function":{"name":"us-central1-assistantFlowCallable"},"extension":{},"message":"Google API requested!\n   - URL: \"https://oauth2.googleapis.com/token\"\n   - Be careful, this may be a production service."}}
[debug] [2026-04-13T00:27:18.319Z] Finishing up request with event=pause {"metadata":{"emulator":{"name":"functions"},"function":{"name":"us-central1-assistantFlowCallable"},"extension":{},"message":"Finishing up request with event=pause"}}
[info] i  functions: Finished "us-central1-assistantFlowCallable" in 10904.260333ms {"metadata":{"emulator":{"name":"functions"},"function":{"name":"us-central1-assistantFlowCallable"},"extension":{},"message":"Finished \"us-central1-assistantFlowCallable\" in 10904.260333ms"}}
[debug] [2026-04-13T00:27:18.319Z] [worker-us-central1-assistantFlowCallable-e6ad4a3d-ed1d-4cf8-a229-1835f6adb544]: IDLE {"metadata":{"emulator":{"name":"functions"},"function":{"name":"us-central1-assistantFlowCallable"},"extension":{},"message":"[worker-us-central1-assistantFlowCallable-e6ad4a3d-ed1d-4cf8-a229-1835f6adb544]: IDLE"}}
[debug] [2026-04-13T00:27:18.319Z] Finishing up request with event=finish {"metadata":{"emulator":{"name":"functions"},"function":{"name":"us-central1-assistantFlowCallable"},"extension":{},"message":"Finishing up request with event=finish"}}
[debug] [2026-04-13T00:27:18.319Z] Finishing up request with event=close {"metadata":{"emulator":{"name":"functions"},"function":{"name":"us-central1-assistantFlowCallable"},"extension":{},"message":"Finishing up request with event=close"}}
[debug] [2026-04-13T00:27:18.319Z] [work-queue] {"queuedWork":[],"queueLength":0,"runningWork":[],"workRunningCount":0}
[debug] [2026-04-13T00:27:45.827Z] [work-queue] {"queuedWork":["/taskos-a2080/us-central1/assistantFlowCallable-2026-04-13T00:27:45.827Z"],"queueLength":1,"runningWork":[],"workRunningCount":0}
[debug] [2026-04-13T00:27:45.827Z] [work-queue] {"queuedWork":[],"queueLength":0,"runningWork":["/taskos-a2080/us-central1/assistantFlowCallable-2026-04-13T00:27:45.827Z"],"workRunningCount":1}
[debug] [2026-04-13T00:27:45.827Z] Accepted request OPTIONS /taskos-a2080/us-central1/assistantFlowCallable --> us-central1-assistantFlowCallable
[debug] [2026-04-13T00:27:45.829Z] [functions] Runtime ready! Sending request! {"metadata":{"emulator":{"name":"functions"},"message":"[functions] Runtime ready! Sending request!"}}
[debug] [2026-04-13T00:27:45.829Z] [functions] Got req.url=/taskos-a2080/us-central1/assistantFlowCallable, mapping to path=/ {"metadata":{"emulator":{"name":"functions"},"message":"[functions] Got req.url=/taskos-a2080/us-central1/assistantFlowCallable, mapping to path=/"}}
[debug] [2026-04-13T00:27:45.829Z] [worker-pool] submitRequest(triggerId=us-central1-assistantFlowCallable) {"metadata":{"emulator":{"name":"functions"},"message":"[worker-pool] submitRequest(triggerId=us-central1-assistantFlowCallable)"}}
[info] i  functions: Beginning execution of "us-central1-assistantFlowCallable" {"metadata":{"emulator":{"name":"functions"},"function":{"name":"us-central1-assistantFlowCallable"},"extension":{},"message":"Beginning execution of \"us-central1-assistantFlowCallable\""}}
[debug] [2026-04-13T00:27:45.829Z] [worker-us-central1-assistantFlowCallable-e6ad4a3d-ed1d-4cf8-a229-1835f6adb544]: BUSY {"metadata":{"emulator":{"name":"functions"},"function":{"name":"us-central1-assistantFlowCallable"},"extension":{},"message":"[worker-us-central1-assistantFlowCallable-e6ad4a3d-ed1d-4cf8-a229-1835f6adb544]: BUSY"}}
[debug] [2026-04-13T00:27:45.834Z] Finishing up request with event=pause {"metadata":{"emulator":{"name":"functions"},"function":{"name":"us-central1-assistantFlowCallable"},"extension":{},"message":"Finishing up request with event=pause"}}
[info] i  functions: Finished "us-central1-assistantFlowCallable" in 4.91625ms {"metadata":{"emulator":{"name":"functions"},"function":{"name":"us-central1-assistantFlowCallable"},"extension":{},"message":"Finished \"us-central1-assistantFlowCallable\" in 4.91625ms"}}
[debug] [2026-04-13T00:27:45.835Z] [worker-us-central1-assistantFlowCallable-e6ad4a3d-ed1d-4cf8-a229-1835f6adb544]: IDLE {"metadata":{"emulator":{"name":"functions"},"function":{"name":"us-central1-assistantFlowCallable"},"extension":{},"message":"[worker-us-central1-assistantFlowCallable-e6ad4a3d-ed1d-4cf8-a229-1835f6adb544]: IDLE"}}
[debug] [2026-04-13T00:27:45.835Z] Finishing up request with event=finish {"metadata":{"emulator":{"name":"functions"},"function":{"name":"us-central1-assistantFlowCallable"},"extension":{},"message":"Finishing up request with event=finish"}}
[debug] [2026-04-13T00:27:45.835Z] Finishing up request with event=close {"metadata":{"emulator":{"name":"functions"},"function":{"name":"us-central1-assistantFlowCallable"},"extension":{},"message":"Finishing up request with event=close"}}
[debug] [2026-04-13T00:27:45.836Z] [work-queue] {"queuedWork":[],"queueLength":0,"runningWork":[],"workRunningCount":0}
[debug] [2026-04-13T00:27:45.837Z] [work-queue] {"queuedWork":["/taskos-a2080/us-central1/assistantFlowCallable-2026-04-13T00:27:45.836Z"],"queueLength":1,"runningWork":[],"workRunningCount":0}
[debug] [2026-04-13T00:27:45.837Z] [work-queue] {"queuedWork":[],"queueLength":0,"runningWork":["/taskos-a2080/us-central1/assistantFlowCallable-2026-04-13T00:27:45.836Z"],"workRunningCount":1}
[debug] [2026-04-13T00:27:45.837Z] Accepted request POST /taskos-a2080/us-central1/assistantFlowCallable --> us-central1-assistantFlowCallable
[debug] [2026-04-13T00:27:45.839Z] [functions] Runtime ready! Sending request! {"metadata":{"emulator":{"name":"functions"},"message":"[functions] Runtime ready! Sending request!"}}
[debug] [2026-04-13T00:27:45.842Z] [functions] Got req.url=/taskos-a2080/us-central1/assistantFlowCallable, mapping to path=/ {"metadata":{"emulator":{"name":"functions"},"message":"[functions] Got req.url=/taskos-a2080/us-central1/assistantFlowCallable, mapping to path=/"}}
[debug] [2026-04-13T00:27:45.842Z] [worker-pool] submitRequest(triggerId=us-central1-assistantFlowCallable) {"metadata":{"emulator":{"name":"functions"},"message":"[worker-pool] submitRequest(triggerId=us-central1-assistantFlowCallable)"}}
[info] i  functions: Beginning execution of "us-central1-assistantFlowCallable" {"metadata":{"emulator":{"name":"functions"},"function":{"name":"us-central1-assistantFlowCallable"},"extension":{},"message":"Beginning execution of \"us-central1-assistantFlowCallable\""}}
[debug] [2026-04-13T00:27:45.843Z] [worker-us-central1-assistantFlowCallable-e6ad4a3d-ed1d-4cf8-a229-1835f6adb544]: BUSY {"metadata":{"emulator":{"name":"functions"},"function":{"name":"us-central1-assistantFlowCallable"},"extension":{},"message":"[worker-us-central1-assistantFlowCallable-e6ad4a3d-ed1d-4cf8-a229-1835f6adb544]: BUSY"}}
[info] >  {"verifications":{"app":"MISSING","auth":"VALID"},"logging.googleapis.com/labels":{"firebase-log-type":"callable-request-verification"},"severity":"DEBUG","message":"Callable request verification passed"} {"user":{"verifications":{"app":"MISSING","auth":"VALID"},"logging.googleapis.com/labels":{"firebase-log-type":"callable-request-verification"},"severity":"DEBUG","message":"Callable request verification passed"},"metadata":{"emulator":{"name":"functions"},"function":{"name":"us-central1-assistantFlowCallable"},"extension":{},"message":"\u001b[90m> \u001b[39m {\"verifications\":{\"app\":\"MISSING\",\"auth\":\"VALID\"},\"logging.googleapis.com/labels\":{\"firebase-log-type\":\"callable-request-verification\"},\"severity\":\"DEBUG\",\"message\":\"Callable request verification passed\"}"}}
[debug] [2026-04-13T00:27:48.409Z] Finishing up request with event=pause {"metadata":{"emulator":{"name":"functions"},"function":{"name":"us-central1-assistantFlowCallable"},"extension":{},"message":"Finishing up request with event=pause"}}
[info] i  functions: Finished "us-central1-assistantFlowCallable" in 2566.282292ms {"metadata":{"emulator":{"name":"functions"},"function":{"name":"us-central1-assistantFlowCallable"},"extension":{},"message":"Finished \"us-central1-assistantFlowCallable\" in 2566.282292ms"}}
[debug] [2026-04-13T00:27:48.410Z] [worker-us-central1-assistantFlowCallable-e6ad4a3d-ed1d-4cf8-a229-1835f6adb544]: IDLE {"metadata":{"emulator":{"name":"functions"},"function":{"name":"us-central1-assistantFlowCallable"},"extension":{},"message":"[worker-us-central1-assistantFlowCallable-e6ad4a3d-ed1d-4cf8-a229-1835f6adb544]: IDLE"}}
[debug] [2026-04-13T00:27:48.410Z] Finishing up request with event=finish {"metadata":{"emulator":{"name":"functions"},"function":{"name":"us-central1-assistantFlowCallable"},"extension":{},"message":"Finishing up request with event=finish"}}
[debug] [2026-04-13T00:27:48.410Z] Finishing up request with event=close {"metadata":{"emulator":{"name":"functions"},"function":{"name":"us-central1-assistantFlowCallable"},"extension":{},"message":"Finishing up request with event=close"}}
[debug] [2026-04-13T00:27:48.410Z] [work-queue] {"queuedWork":[],"queueLength":0,"runningWork":[],"workRunningCount":0}
[debug] [2026-04-13T00:27:55.886Z] [work-queue] {"queuedWork":["/taskos-a2080/us-central1/assistantFlowCallable-2026-04-13T00:27:55.885Z"],"queueLength":1,"runningWork":[],"workRunningCount":0}
[debug] [2026-04-13T00:27:55.886Z] [work-queue] {"queuedWork":[],"queueLength":0,"runningWork":["/taskos-a2080/us-central1/assistantFlowCallable-2026-04-13T00:27:55.885Z"],"workRunningCount":1}
[debug] [2026-04-13T00:27:55.886Z] Accepted request OPTIONS /taskos-a2080/us-central1/assistantFlowCallable --> us-central1-assistantFlowCallable
[debug] [2026-04-13T00:27:55.889Z] [functions] Runtime ready! Sending request! {"metadata":{"emulator":{"name":"functions"},"message":"[functions] Runtime ready! Sending request!"}}
[debug] [2026-04-13T00:27:55.890Z] [functions] Got req.url=/taskos-a2080/us-central1/assistantFlowCallable, mapping to path=/ {"metadata":{"emulator":{"name":"functions"},"message":"[functions] Got req.url=/taskos-a2080/us-central1/assistantFlowCallable, mapping to path=/"}}
[debug] [2026-04-13T00:27:55.890Z] [worker-pool] submitRequest(triggerId=us-central1-assistantFlowCallable) {"metadata":{"emulator":{"name":"functions"},"message":"[worker-pool] submitRequest(triggerId=us-central1-assistantFlowCallable)"}}
[info] i  functions: Beginning execution of "us-central1-assistantFlowCallable" {"metadata":{"emulator":{"name":"functions"},"function":{"name":"us-central1-assistantFlowCallable"},"extension":{},"message":"Beginning execution of \"us-central1-assistantFlowCallable\""}}
[debug] [2026-04-13T00:27:55.890Z] [worker-us-central1-assistantFlowCallable-e6ad4a3d-ed1d-4cf8-a229-1835f6adb544]: BUSY {"metadata":{"emulator":{"name":"functions"},"function":{"name":"us-central1-assistantFlowCallable"},"extension":{},"message":"[worker-us-central1-assistantFlowCallable-e6ad4a3d-ed1d-4cf8-a229-1835f6adb544]: BUSY"}}
[debug] [2026-04-13T00:27:55.892Z] [work-queue] {"queuedWork":["/taskos-a2080/us-central1/assistantFlowCallable-2026-04-13T00:27:55.892Z"],"queueLength":1,"runningWork":["/taskos-a2080/us-central1/assistantFlowCallable-2026-04-13T00:27:55.885Z"],"workRunningCount":1}
[debug] [2026-04-13T00:27:55.892Z] [work-queue] {"queuedWork":[],"queueLength":0,"runningWork":["/taskos-a2080/us-central1/assistantFlowCallable-2026-04-13T00:27:55.885Z","/taskos-a2080/us-central1/assistantFlowCallable-2026-04-13T00:27:55.892Z"],"workRunningCount":2}
[debug] [2026-04-13T00:27:55.892Z] Accepted request OPTIONS /taskos-a2080/us-central1/assistantFlowCallable --> us-central1-assistantFlowCallable
[debug] [2026-04-13T00:27:55.896Z] [functions] Runtime ready! Sending request! {"metadata":{"emulator":{"name":"functions"},"message":"[functions] Runtime ready! Sending request!"}}
[debug] [2026-04-13T00:27:55.897Z] [functions] Got req.url=/taskos-a2080/us-central1/assistantFlowCallable, mapping to path=/ {"metadata":{"emulator":{"name":"functions"},"message":"[functions] Got req.url=/taskos-a2080/us-central1/assistantFlowCallable, mapping to path=/"}}
[debug] [2026-04-13T00:27:55.904Z] [worker-pool] addWorker(us-central1-assistantFlowCallable) {"metadata":{"emulator":{"name":"functions"},"message":"[worker-pool] addWorker(us-central1-assistantFlowCallable)"}}
[debug] [2026-04-13T00:27:55.906Z] [worker-pool] Adding worker with key us-central1-assistantFlowCallable, total=2 {"metadata":{"emulator":{"name":"functions"},"message":"[worker-pool] Adding worker with key us-central1-assistantFlowCallable, total=2"}}
[debug] [2026-04-13T00:27:55.909Z] Finishing up request with event=pause {"metadata":{"emulator":{"name":"functions"},"function":{"name":"us-central1-assistantFlowCallable"},"extension":{},"message":"Finishing up request with event=pause"}}
[info] i  functions: Finished "us-central1-assistantFlowCallable" in 18.819834ms {"metadata":{"emulator":{"name":"functions"},"function":{"name":"us-central1-assistantFlowCallable"},"extension":{},"message":"Finished \"us-central1-assistantFlowCallable\" in 18.819834ms"}}
[debug] [2026-04-13T00:27:55.910Z] [worker-us-central1-assistantFlowCallable-e6ad4a3d-ed1d-4cf8-a229-1835f6adb544]: IDLE {"metadata":{"emulator":{"name":"functions"},"function":{"name":"us-central1-assistantFlowCallable"},"extension":{},"message":"[worker-us-central1-assistantFlowCallable-e6ad4a3d-ed1d-4cf8-a229-1835f6adb544]: IDLE"}}
[debug] [2026-04-13T00:27:55.911Z] Finishing up request with event=finish {"metadata":{"emulator":{"name":"functions"},"function":{"name":"us-central1-assistantFlowCallable"},"extension":{},"message":"Finishing up request with event=finish"}}
[debug] [2026-04-13T00:27:55.911Z] Finishing up request with event=close {"metadata":{"emulator":{"name":"functions"},"function":{"name":"us-central1-assistantFlowCallable"},"extension":{},"message":"Finishing up request with event=close"}}
[debug] [2026-04-13T00:27:55.911Z] [work-queue] {"queuedWork":[],"queueLength":0,"runningWork":["/taskos-a2080/us-central1/assistantFlowCallable-2026-04-13T00:27:55.892Z"],"workRunningCount":1}
[debug] [2026-04-13T00:27:55.912Z] [work-queue] {"queuedWork":["/taskos-a2080/us-central1/assistantFlowCallable-2026-04-13T00:27:55.912Z"],"queueLength":1,"runningWork":["/taskos-a2080/us-central1/assistantFlowCallable-2026-04-13T00:27:55.892Z"],"workRunningCount":1}
[debug] [2026-04-13T00:27:55.912Z] [work-queue] {"queuedWork":[],"queueLength":0,"runningWork":["/taskos-a2080/us-central1/assistantFlowCallable-2026-04-13T00:27:55.892Z","/taskos-a2080/us-central1/assistantFlowCallable-2026-04-13T00:27:55.912Z"],"workRunningCount":2}
[debug] [2026-04-13T00:27:55.912Z] Accepted request POST /taskos-a2080/us-central1/assistantFlowCallable --> us-central1-assistantFlowCallable
[debug] [2026-04-13T00:27:55.913Z] [functions] Runtime ready! Sending request! {"metadata":{"emulator":{"name":"functions"},"message":"[functions] Runtime ready! Sending request!"}}
[debug] [2026-04-13T00:27:55.913Z] [functions] Got req.url=/taskos-a2080/us-central1/assistantFlowCallable, mapping to path=/ {"metadata":{"emulator":{"name":"functions"},"message":"[functions] Got req.url=/taskos-a2080/us-central1/assistantFlowCallable, mapping to path=/"}}
[debug] [2026-04-13T00:27:55.914Z] [worker-pool] submitRequest(triggerId=us-central1-assistantFlowCallable) {"metadata":{"emulator":{"name":"functions"},"message":"[worker-pool] submitRequest(triggerId=us-central1-assistantFlowCallable)"}}
[info] i  functions: Beginning execution of "us-central1-assistantFlowCallable" {"metadata":{"emulator":{"name":"functions"},"function":{"name":"us-central1-assistantFlowCallable"},"extension":{},"message":"Beginning execution of \"us-central1-assistantFlowCallable\""}}
[debug] [2026-04-13T00:27:55.914Z] [worker-us-central1-assistantFlowCallable-e6ad4a3d-ed1d-4cf8-a229-1835f6adb544]: BUSY {"metadata":{"emulator":{"name":"functions"},"function":{"name":"us-central1-assistantFlowCallable"},"extension":{},"message":"[worker-us-central1-assistantFlowCallable-e6ad4a3d-ed1d-4cf8-a229-1835f6adb544]: BUSY"}}
[info] >  {"verifications":{"app":"MISSING","auth":"VALID"},"logging.googleapis.com/labels":{"firebase-log-type":"callable-request-verification"},"severity":"DEBUG","message":"Callable request verification passed"} {"user":{"verifications":{"app":"MISSING","auth":"VALID"},"logging.googleapis.com/labels":{"firebase-log-type":"callable-request-verification"},"severity":"DEBUG","message":"Callable request verification passed"},"metadata":{"emulator":{"name":"functions"},"function":{"name":"us-central1-assistantFlowCallable"},"extension":{},"message":"\u001b[90m> \u001b[39m {\"verifications\":{\"app\":\"MISSING\",\"auth\":\"VALID\"},\"logging.googleapis.com/labels\":{\"firebase-log-type\":\"callable-request-verification\"},\"severity\":\"DEBUG\",\"message\":\"Callable request verification passed\"}"}}
[debug] [2026-04-13T00:27:56.208Z] [runtime-status] [65259] Resolved module firebase-admin {"declared":true,"installed":true,"version":"13.8.0","resolution":"/Users/ivancosta/Desktop/WORK/TaskOS/functions/node_modules/firebase-admin/lib/index.js"} {"metadata":{"emulator":{"name":"functions"},"function":{"name":"us-central1-assistantFlowCallable"},"extension":{},"message":"[runtime-status] [65259] Resolved module firebase-admin {\"declared\":true,\"installed\":true,\"version\":\"13.8.0\",\"resolution\":\"/Users/ivancosta/Desktop/WORK/TaskOS/functions/node_modules/firebase-admin/lib/index.js\"}"}}
[debug] [2026-04-13T00:27:56.208Z] [runtime-status] [65259] Resolved module firebase-functions {"declared":true,"installed":true,"version":"7.2.5","resolution":"/Users/ivancosta/Desktop/WORK/TaskOS/functions/node_modules/firebase-functions/lib/v2/index.js"} {"metadata":{"emulator":{"name":"functions"},"function":{"name":"us-central1-assistantFlowCallable"},"extension":{},"message":"[runtime-status] [65259] Resolved module firebase-functions {\"declared\":true,\"installed\":true,\"version\":\"7.2.5\",\"resolution\":\"/Users/ivancosta/Desktop/WORK/TaskOS/functions/node_modules/firebase-functions/lib/v2/index.js\"}"}}
[debug] [2026-04-13T00:27:56.208Z] [runtime-status] [65259] Outgoing network have been stubbed. [{"name":"http","status":"mocked"},{"name":"http","status":"mocked"},{"name":"https","status":"mocked"},{"name":"https","status":"mocked"},{"name":"net","status":"mocked"}] {"metadata":{"emulator":{"name":"functions"},"function":{"name":"us-central1-assistantFlowCallable"},"extension":{},"message":"[runtime-status] [65259] Outgoing network have been stubbed. [{\"name\":\"http\",\"status\":\"mocked\"},{\"name\":\"http\",\"status\":\"mocked\"},{\"name\":\"https\",\"status\":\"mocked\"},{\"name\":\"https\",\"status\":\"mocked\"},{\"name\":\"net\",\"status\":\"mocked\"}]"}}
[debug] [2026-04-13T00:27:56.209Z] [runtime-status] [65259] Resolved module firebase-functions {"declared":true,"installed":true,"version":"7.2.5","resolution":"/Users/ivancosta/Desktop/WORK/TaskOS/functions/node_modules/firebase-functions/lib/v2/index.js"} {"metadata":{"emulator":{"name":"functions"},"function":{"name":"us-central1-assistantFlowCallable"},"extension":{},"message":"[runtime-status] [65259] Resolved module firebase-functions {\"declared\":true,\"installed\":true,\"version\":\"7.2.5\",\"resolution\":\"/Users/ivancosta/Desktop/WORK/TaskOS/functions/node_modules/firebase-functions/lib/v2/index.js\"}"}}
[debug] [2026-04-13T00:27:56.209Z] [runtime-status] [65259] Detected firebase-functions v7+, skipping legacy stubs. {"metadata":{"emulator":{"name":"functions"},"function":{"name":"us-central1-assistantFlowCallable"},"extension":{},"message":"[runtime-status] [65259] Detected firebase-functions v7+, skipping legacy stubs."}}
[debug] [2026-04-13T00:27:56.209Z] [runtime-status] [65259] Resolved module firebase-admin {"declared":true,"installed":true,"version":"13.8.0","resolution":"/Users/ivancosta/Desktop/WORK/TaskOS/functions/node_modules/firebase-admin/lib/index.js"} {"metadata":{"emulator":{"name":"functions"},"function":{"name":"us-central1-assistantFlowCallable"},"extension":{},"message":"[runtime-status] [65259] Resolved module firebase-admin {\"declared\":true,\"installed\":true,\"version\":\"13.8.0\",\"resolution\":\"/Users/ivancosta/Desktop/WORK/TaskOS/functions/node_modules/firebase-admin/lib/index.js\"}"}}
[debug] [2026-04-13T00:27:56.223Z] [runtime-status] [65259] Resolved module firebase-functions {"declared":true,"installed":true,"version":"7.2.5","resolution":"/Users/ivancosta/Desktop/WORK/TaskOS/functions/node_modules/firebase-functions/lib/v2/index.js"} {"metadata":{"emulator":{"name":"functions"},"function":{"name":"us-central1-assistantFlowCallable"},"extension":{},"message":"[runtime-status] [65259] Resolved module firebase-functions {\"declared\":true,\"installed\":true,\"version\":\"7.2.5\",\"resolution\":\"/Users/ivancosta/Desktop/WORK/TaskOS/functions/node_modules/firebase-functions/lib/v2/index.js\"}"}}
[debug] [2026-04-13T00:27:56.298Z] [runtime-status] [65259] firebase-admin has been stubbed. {"adminResolution":{"declared":true,"installed":true,"version":"13.8.0","resolution":"/Users/ivancosta/Desktop/WORK/TaskOS/functions/node_modules/firebase-admin/lib/index.js"}} {"metadata":{"emulator":{"name":"functions"},"function":{"name":"us-central1-assistantFlowCallable"},"extension":{},"message":"[runtime-status] [65259] firebase-admin has been stubbed. {\"adminResolution\":{\"declared\":true,\"installed\":true,\"version\":\"13.8.0\",\"resolution\":\"/Users/ivancosta/Desktop/WORK/TaskOS/functions/node_modules/firebase-admin/lib/index.js\"}}"}}
[debug] [2026-04-13T00:27:56.461Z] [runtime-status] [65259] Functions runtime initialized. {"cwd":"/Users/ivancosta/Desktop/WORK/TaskOS/functions","node_version":"25.8.2"} {"metadata":{"emulator":{"name":"functions"},"function":{"name":"us-central1-assistantFlowCallable"},"extension":{},"message":"[runtime-status] [65259] Functions runtime initialized. {\"cwd\":\"/Users/ivancosta/Desktop/WORK/TaskOS/functions\",\"node_version\":\"25.8.2\"}"}}
[debug] [2026-04-13T00:27:56.461Z] [runtime-status] [65259] Listening to port: /var/folders/6b/vd0st2wn7xs2gdtb97t1s6jc0000gn/T/fire_emu_4dcd2aeca5b5828e.sock {"metadata":{"emulator":{"name":"functions"},"function":{"name":"us-central1-assistantFlowCallable"},"extension":{},"message":"[runtime-status] [65259] Listening to port: /var/folders/6b/vd0st2wn7xs2gdtb97t1s6jc0000gn/T/fire_emu_4dcd2aeca5b5828e.sock"}}
[debug] [2026-04-13T00:27:56.514Z] [worker-us-central1-assistantFlowCallable-0c60787a-4463-4d09-8707-df72359bad88]: IDLE {"metadata":{"emulator":{"name":"functions"},"function":{"name":"us-central1-assistantFlowCallable"},"extension":{},"message":"[worker-us-central1-assistantFlowCallable-0c60787a-4463-4d09-8707-df72359bad88]: IDLE"}}
[debug] [2026-04-13T00:27:56.514Z] [worker-pool] submitRequest(triggerId=us-central1-assistantFlowCallable) {"metadata":{"emulator":{"name":"functions"},"message":"[worker-pool] submitRequest(triggerId=us-central1-assistantFlowCallable)"}}
[info] i  functions: Beginning execution of "us-central1-assistantFlowCallable" {"metadata":{"emulator":{"name":"functions"},"function":{"name":"us-central1-assistantFlowCallable"},"extension":{},"message":"Beginning execution of \"us-central1-assistantFlowCallable\""}}
[debug] [2026-04-13T00:27:56.514Z] [worker-us-central1-assistantFlowCallable-0c60787a-4463-4d09-8707-df72359bad88]: BUSY {"metadata":{"emulator":{"name":"functions"},"function":{"name":"us-central1-assistantFlowCallable"},"extension":{},"message":"[worker-us-central1-assistantFlowCallable-0c60787a-4463-4d09-8707-df72359bad88]: BUSY"}}
[debug] [2026-04-13T00:27:56.515Z] Finishing up request with event=pause {"metadata":{"emulator":{"name":"functions"},"function":{"name":"us-central1-assistantFlowCallable"},"extension":{},"message":"Finishing up request with event=pause"}}
[info] i  functions: Finished "us-central1-assistantFlowCallable" in 1.277458ms {"metadata":{"emulator":{"name":"functions"},"function":{"name":"us-central1-assistantFlowCallable"},"extension":{},"message":"Finished \"us-central1-assistantFlowCallable\" in 1.277458ms"}}
[debug] [2026-04-13T00:27:56.516Z] [worker-us-central1-assistantFlowCallable-0c60787a-4463-4d09-8707-df72359bad88]: IDLE {"metadata":{"emulator":{"name":"functions"},"function":{"name":"us-central1-assistantFlowCallable"},"extension":{},"message":"[worker-us-central1-assistantFlowCallable-0c60787a-4463-4d09-8707-df72359bad88]: IDLE"}}
[debug] [2026-04-13T00:27:56.516Z] Finishing up request with event=finish {"metadata":{"emulator":{"name":"functions"},"function":{"name":"us-central1-assistantFlowCallable"},"extension":{},"message":"Finishing up request with event=finish"}}
[debug] [2026-04-13T00:27:56.516Z] Finishing up request with event=close {"metadata":{"emulator":{"name":"functions"},"function":{"name":"us-central1-assistantFlowCallable"},"extension":{},"message":"Finishing up request with event=close"}}
[debug] [2026-04-13T00:27:56.516Z] [work-queue] {"queuedWork":[],"queueLength":0,"runningWork":["/taskos-a2080/us-central1/assistantFlowCallable-2026-04-13T00:27:55.912Z"],"workRunningCount":1}
[debug] [2026-04-13T00:27:56.517Z] [work-queue] {"queuedWork":["/taskos-a2080/us-central1/assistantFlowCallable-2026-04-13T00:27:56.517Z"],"queueLength":1,"runningWork":["/taskos-a2080/us-central1/assistantFlowCallable-2026-04-13T00:27:55.912Z"],"workRunningCount":1}
[debug] [2026-04-13T00:27:56.517Z] [work-queue] {"queuedWork":[],"queueLength":0,"runningWork":["/taskos-a2080/us-central1/assistantFlowCallable-2026-04-13T00:27:55.912Z","/taskos-a2080/us-central1/assistantFlowCallable-2026-04-13T00:27:56.517Z"],"workRunningCount":2}
[debug] [2026-04-13T00:27:56.517Z] Accepted request POST /taskos-a2080/us-central1/assistantFlowCallable --> us-central1-assistantFlowCallable
[debug] [2026-04-13T00:27:56.517Z] [functions] Runtime ready! Sending request! {"metadata":{"emulator":{"name":"functions"},"message":"[functions] Runtime ready! Sending request!"}}
[debug] [2026-04-13T00:27:56.517Z] [functions] Got req.url=/taskos-a2080/us-central1/assistantFlowCallable, mapping to path=/ {"metadata":{"emulator":{"name":"functions"},"message":"[functions] Got req.url=/taskos-a2080/us-central1/assistantFlowCallable, mapping to path=/"}}
[debug] [2026-04-13T00:27:56.517Z] [worker-pool] submitRequest(triggerId=us-central1-assistantFlowCallable) {"metadata":{"emulator":{"name":"functions"},"message":"[worker-pool] submitRequest(triggerId=us-central1-assistantFlowCallable)"}}
[info] i  functions: Beginning execution of "us-central1-assistantFlowCallable" {"metadata":{"emulator":{"name":"functions"},"function":{"name":"us-central1-assistantFlowCallable"},"extension":{},"message":"Beginning execution of \"us-central1-assistantFlowCallable\""}}
[debug] [2026-04-13T00:27:56.517Z] [worker-us-central1-assistantFlowCallable-0c60787a-4463-4d09-8707-df72359bad88]: BUSY {"metadata":{"emulator":{"name":"functions"},"function":{"name":"us-central1-assistantFlowCallable"},"extension":{},"message":"[worker-us-central1-assistantFlowCallable-0c60787a-4463-4d09-8707-df72359bad88]: BUSY"}}
[info] >  {"verifications":{"app":"MISSING","auth":"VALID"},"logging.googleapis.com/labels":{"firebase-log-type":"callable-request-verification"},"severity":"DEBUG","message":"Callable request verification passed"} {"user":{"verifications":{"app":"MISSING","auth":"VALID"},"logging.googleapis.com/labels":{"firebase-log-type":"callable-request-verification"},"severity":"DEBUG","message":"Callable request verification passed"},"metadata":{"emulator":{"name":"functions"},"function":{"name":"us-central1-assistantFlowCallable"},"extension":{},"message":"\u001b[90m> \u001b[39m {\"verifications\":{\"app\":\"MISSING\",\"auth\":\"VALID\"},\"logging.googleapis.com/labels\":{\"firebase-log-type\":\"callable-request-verification\"},\"severity\":\"DEBUG\",\"message\":\"Callable request verification passed\"}"}}
[warn] ⚠  Google API requested!
   - URL: "https://oauth2.googleapis.com/token"
   - Be careful, this may be a production service. {"metadata":{"emulator":{"name":"functions"},"function":{"name":"us-central1-assistantFlowCallable"},"extension":{},"message":"Google API requested!\n   - URL: \"https://oauth2.googleapis.com/token\"\n   - Be careful, this may be a production service."}}
[debug] [2026-04-13T00:28:04.662Z] Finishing up request with event=pause {"metadata":{"emulator":{"name":"functions"},"function":{"name":"us-central1-assistantFlowCallable"},"extension":{},"message":"Finishing up request with event=pause"}}
[info] i  functions: Finished "us-central1-assistantFlowCallable" in 8145.61425ms {"metadata":{"emulator":{"name":"functions"},"function":{"name":"us-central1-assistantFlowCallable"},"extension":{},"message":"Finished \"us-central1-assistantFlowCallable\" in 8145.61425ms"}}
[debug] [2026-04-13T00:28:04.663Z] [worker-us-central1-assistantFlowCallable-0c60787a-4463-4d09-8707-df72359bad88]: IDLE {"metadata":{"emulator":{"name":"functions"},"function":{"name":"us-central1-assistantFlowCallable"},"extension":{},"message":"[worker-us-central1-assistantFlowCallable-0c60787a-4463-4d09-8707-df72359bad88]: IDLE"}}
[debug] [2026-04-13T00:28:04.663Z] Finishing up request with event=finish {"metadata":{"emulator":{"name":"functions"},"function":{"name":"us-central1-assistantFlowCallable"},"extension":{},"message":"Finishing up request with event=finish"}}
[debug] [2026-04-13T00:28:04.663Z] Finishing up request with event=close {"metadata":{"emulator":{"name":"functions"},"function":{"name":"us-central1-assistantFlowCallable"},"extension":{},"message":"Finishing up request with event=close"}}
[debug] [2026-04-13T00:28:04.663Z] [work-queue] {"queuedWork":[],"queueLength":0,"runningWork":["/taskos-a2080/us-central1/assistantFlowCallable-2026-04-13T00:27:55.912Z"],"workRunningCount":1}
[debug] [2026-04-13T00:28:06.931Z] Finishing up request with event=pause {"metadata":{"emulator":{"name":"functions"},"function":{"name":"us-central1-assistantFlowCallable"},"extension":{},"message":"Finishing up request with event=pause"}}
[info] i  functions: Finished "us-central1-assistantFlowCallable" in 11016.889ms {"metadata":{"emulator":{"name":"functions"},"function":{"name":"us-central1-assistantFlowCallable"},"extension":{},"message":"Finished \"us-central1-assistantFlowCallable\" in 11016.889ms"}}
[debug] [2026-04-13T00:28:06.931Z] [worker-us-central1-assistantFlowCallable-e6ad4a3d-ed1d-4cf8-a229-1835f6adb544]: IDLE {"metadata":{"emulator":{"name":"functions"},"function":{"name":"us-central1-assistantFlowCallable"},"extension":{},"message":"[worker-us-central1-assistantFlowCallable-e6ad4a3d-ed1d-4cf8-a229-1835f6adb544]: IDLE"}}
[debug] [2026-04-13T00:28:06.931Z] Finishing up request with event=finish {"metadata":{"emulator":{"name":"functions"},"function":{"name":"us-central1-assistantFlowCallable"},"extension":{},"message":"Finishing up request with event=finish"}}
[debug] [2026-04-13T00:28:06.931Z] Finishing up request with event=close {"metadata":{"emulator":{"name":"functions"},"function":{"name":"us-central1-assistantFlowCallable"},"extension":{},"message":"Finishing up request with event=close"}}
[debug] [2026-04-13T00:28:06.931Z] [work-queue] {"queuedWork":[],"queueLength":0,"runningWork":[],"workRunningCount":0}
[debug] [2026-04-13T00:28:45.108Z] [work-queue] {"queuedWork":["/taskos-a2080/us-central1/assistantFlowCallable-2026-04-13T00:28:45.108Z"],"queueLength":1,"runningWork":[],"workRunningCount":0}
[debug] [2026-04-13T00:28:45.108Z] [work-queue] {"queuedWork":[],"queueLength":0,"runningWork":["/taskos-a2080/us-central1/assistantFlowCallable-2026-04-13T00:28:45.108Z"],"workRunningCount":1}
[debug] [2026-04-13T00:28:45.108Z] Accepted request OPTIONS /taskos-a2080/us-central1/assistantFlowCallable --> us-central1-assistantFlowCallable
[debug] [2026-04-13T00:28:45.110Z] [functions] Runtime ready! Sending request! {"metadata":{"emulator":{"name":"functions"},"message":"[functions] Runtime ready! Sending request!"}}
[debug] [2026-04-13T00:28:45.111Z] [functions] Got req.url=/taskos-a2080/us-central1/assistantFlowCallable, mapping to path=/ {"metadata":{"emulator":{"name":"functions"},"message":"[functions] Got req.url=/taskos-a2080/us-central1/assistantFlowCallable, mapping to path=/"}}
[debug] [2026-04-13T00:28:45.111Z] [worker-pool] submitRequest(triggerId=us-central1-assistantFlowCallable) {"metadata":{"emulator":{"name":"functions"},"message":"[worker-pool] submitRequest(triggerId=us-central1-assistantFlowCallable)"}}
[info] i  functions: Beginning execution of "us-central1-assistantFlowCallable" {"metadata":{"emulator":{"name":"functions"},"function":{"name":"us-central1-assistantFlowCallable"},"extension":{},"message":"Beginning execution of \"us-central1-assistantFlowCallable\""}}
[debug] [2026-04-13T00:28:45.111Z] [worker-us-central1-assistantFlowCallable-e6ad4a3d-ed1d-4cf8-a229-1835f6adb544]: BUSY {"metadata":{"emulator":{"name":"functions"},"function":{"name":"us-central1-assistantFlowCallable"},"extension":{},"message":"[worker-us-central1-assistantFlowCallable-e6ad4a3d-ed1d-4cf8-a229-1835f6adb544]: BUSY"}}
[debug] [2026-04-13T00:28:45.113Z] [work-queue] {"queuedWork":["/taskos-a2080/us-central1/assistantFlowCallable-2026-04-13T00:28:45.113Z"],"queueLength":1,"runningWork":["/taskos-a2080/us-central1/assistantFlowCallable-2026-04-13T00:28:45.108Z"],"workRunningCount":1}
[debug] [2026-04-13T00:28:45.113Z] [work-queue] {"queuedWork":[],"queueLength":0,"runningWork":["/taskos-a2080/us-central1/assistantFlowCallable-2026-04-13T00:28:45.108Z","/taskos-a2080/us-central1/assistantFlowCallable-2026-04-13T00:28:45.113Z"],"workRunningCount":2}
[debug] [2026-04-13T00:28:45.113Z] Accepted request OPTIONS /taskos-a2080/us-central1/assistantFlowCallable --> us-central1-assistantFlowCallable
[debug] [2026-04-13T00:28:45.114Z] [functions] Runtime ready! Sending request! {"metadata":{"emulator":{"name":"functions"},"message":"[functions] Runtime ready! Sending request!"}}
[debug] [2026-04-13T00:28:45.115Z] [functions] Got req.url=/taskos-a2080/us-central1/assistantFlowCallable, mapping to path=/ {"metadata":{"emulator":{"name":"functions"},"message":"[functions] Got req.url=/taskos-a2080/us-central1/assistantFlowCallable, mapping to path=/"}}
[debug] [2026-04-13T00:28:45.116Z] [worker-pool] submitRequest(triggerId=us-central1-assistantFlowCallable) {"metadata":{"emulator":{"name":"functions"},"message":"[worker-pool] submitRequest(triggerId=us-central1-assistantFlowCallable)"}}
[info] i  functions: Beginning execution of "us-central1-assistantFlowCallable" {"metadata":{"emulator":{"name":"functions"},"function":{"name":"us-central1-assistantFlowCallable"},"extension":{},"message":"Beginning execution of \"us-central1-assistantFlowCallable\""}}
[debug] [2026-04-13T00:28:45.116Z] [worker-us-central1-assistantFlowCallable-0c60787a-4463-4d09-8707-df72359bad88]: BUSY {"metadata":{"emulator":{"name":"functions"},"function":{"name":"us-central1-assistantFlowCallable"},"extension":{},"message":"[worker-us-central1-assistantFlowCallable-0c60787a-4463-4d09-8707-df72359bad88]: BUSY"}}
[debug] [2026-04-13T00:28:45.122Z] Finishing up request with event=pause {"metadata":{"emulator":{"name":"functions"},"function":{"name":"us-central1-assistantFlowCallable"},"extension":{},"message":"Finishing up request with event=pause"}}
[info] i  functions: Finished "us-central1-assistantFlowCallable" in 11.206375ms {"metadata":{"emulator":{"name":"functions"},"function":{"name":"us-central1-assistantFlowCallable"},"extension":{},"message":"Finished \"us-central1-assistantFlowCallable\" in 11.206375ms"}}
[debug] [2026-04-13T00:28:45.123Z] [worker-us-central1-assistantFlowCallable-e6ad4a3d-ed1d-4cf8-a229-1835f6adb544]: IDLE {"metadata":{"emulator":{"name":"functions"},"function":{"name":"us-central1-assistantFlowCallable"},"extension":{},"message":"[worker-us-central1-assistantFlowCallable-e6ad4a3d-ed1d-4cf8-a229-1835f6adb544]: IDLE"}}
[debug] [2026-04-13T00:28:45.123Z] Finishing up request with event=finish {"metadata":{"emulator":{"name":"functions"},"function":{"name":"us-central1-assistantFlowCallable"},"extension":{},"message":"Finishing up request with event=finish"}}
[debug] [2026-04-13T00:28:45.124Z] Finishing up request with event=close {"metadata":{"emulator":{"name":"functions"},"function":{"name":"us-central1-assistantFlowCallable"},"extension":{},"message":"Finishing up request with event=close"}}
[debug] [2026-04-13T00:28:45.124Z] [work-queue] {"queuedWork":[],"queueLength":0,"runningWork":["/taskos-a2080/us-central1/assistantFlowCallable-2026-04-13T00:28:45.113Z"],"workRunningCount":1}
[debug] [2026-04-13T00:28:45.124Z] [work-queue] {"queuedWork":["/taskos-a2080/us-central1/assistantFlowCallable-2026-04-13T00:28:45.124Z"],"queueLength":1,"runningWork":["/taskos-a2080/us-central1/assistantFlowCallable-2026-04-13T00:28:45.113Z"],"workRunningCount":1}
[debug] [2026-04-13T00:28:45.124Z] [work-queue] {"queuedWork":[],"queueLength":0,"runningWork":["/taskos-a2080/us-central1/assistantFlowCallable-2026-04-13T00:28:45.113Z","/taskos-a2080/us-central1/assistantFlowCallable-2026-04-13T00:28:45.124Z"],"workRunningCount":2}
[debug] [2026-04-13T00:28:45.124Z] Accepted request POST /taskos-a2080/us-central1/assistantFlowCallable --> us-central1-assistantFlowCallable
[debug] [2026-04-13T00:28:45.125Z] [functions] Runtime ready! Sending request! {"metadata":{"emulator":{"name":"functions"},"message":"[functions] Runtime ready! Sending request!"}}
[debug] [2026-04-13T00:28:45.125Z] [functions] Got req.url=/taskos-a2080/us-central1/assistantFlowCallable, mapping to path=/ {"metadata":{"emulator":{"name":"functions"},"message":"[functions] Got req.url=/taskos-a2080/us-central1/assistantFlowCallable, mapping to path=/"}}
[debug] [2026-04-13T00:28:45.125Z] [worker-pool] submitRequest(triggerId=us-central1-assistantFlowCallable) {"metadata":{"emulator":{"name":"functions"},"message":"[worker-pool] submitRequest(triggerId=us-central1-assistantFlowCallable)"}}
[info] i  functions: Beginning execution of "us-central1-assistantFlowCallable" {"metadata":{"emulator":{"name":"functions"},"function":{"name":"us-central1-assistantFlowCallable"},"extension":{},"message":"Beginning execution of \"us-central1-assistantFlowCallable\""}}
[debug] [2026-04-13T00:28:45.125Z] [worker-us-central1-assistantFlowCallable-e6ad4a3d-ed1d-4cf8-a229-1835f6adb544]: BUSY {"metadata":{"emulator":{"name":"functions"},"function":{"name":"us-central1-assistantFlowCallable"},"extension":{},"message":"[worker-us-central1-assistantFlowCallable-e6ad4a3d-ed1d-4cf8-a229-1835f6adb544]: BUSY"}}
[debug] [2026-04-13T00:28:45.126Z] Finishing up request with event=pause {"metadata":{"emulator":{"name":"functions"},"function":{"name":"us-central1-assistantFlowCallable"},"extension":{},"message":"Finishing up request with event=pause"}}
[info] i  functions: Finished "us-central1-assistantFlowCallable" in 9.673208ms {"metadata":{"emulator":{"name":"functions"},"function":{"name":"us-central1-assistantFlowCallable"},"extension":{},"message":"Finished \"us-central1-assistantFlowCallable\" in 9.673208ms"}}
[debug] [2026-04-13T00:28:45.126Z] [worker-us-central1-assistantFlowCallable-0c60787a-4463-4d09-8707-df72359bad88]: IDLE {"metadata":{"emulator":{"name":"functions"},"function":{"name":"us-central1-assistantFlowCallable"},"extension":{},"message":"[worker-us-central1-assistantFlowCallable-0c60787a-4463-4d09-8707-df72359bad88]: IDLE"}}
[debug] [2026-04-13T00:28:45.126Z] Finishing up request with event=finish {"metadata":{"emulator":{"name":"functions"},"function":{"name":"us-central1-assistantFlowCallable"},"extension":{},"message":"Finishing up request with event=finish"}}
[debug] [2026-04-13T00:28:45.126Z] Finishing up request with event=close {"metadata":{"emulator":{"name":"functions"},"function":{"name":"us-central1-assistantFlowCallable"},"extension":{},"message":"Finishing up request with event=close"}}
[debug] [2026-04-13T00:28:45.126Z] [work-queue] {"queuedWork":[],"queueLength":0,"runningWork":["/taskos-a2080/us-central1/assistantFlowCallable-2026-04-13T00:28:45.124Z"],"workRunningCount":1}
[info] >  {"verifications":{"app":"MISSING","auth":"VALID"},"logging.googleapis.com/labels":{"firebase-log-type":"callable-request-verification"},"severity":"DEBUG","message":"Callable request verification passed"} {"user":{"verifications":{"app":"MISSING","auth":"VALID"},"logging.googleapis.com/labels":{"firebase-log-type":"callable-request-verification"},"severity":"DEBUG","message":"Callable request verification passed"},"metadata":{"emulator":{"name":"functions"},"function":{"name":"us-central1-assistantFlowCallable"},"extension":{},"message":"\u001b[90m> \u001b[39m {\"verifications\":{\"app\":\"MISSING\",\"auth\":\"VALID\"},\"logging.googleapis.com/labels\":{\"firebase-log-type\":\"callable-request-verification\"},\"severity\":\"DEBUG\",\"message\":\"Callable request verification passed\"}"}}
[debug] [2026-04-13T00:28:45.127Z] [work-queue] {"queuedWork":["/taskos-a2080/us-central1/assistantFlowCallable-2026-04-13T00:28:45.127Z"],"queueLength":1,"runningWork":["/taskos-a2080/us-central1/assistantFlowCallable-2026-04-13T00:28:45.124Z"],"workRunningCount":1}
[debug] [2026-04-13T00:28:45.127Z] [work-queue] {"queuedWork":[],"queueLength":0,"runningWork":["/taskos-a2080/us-central1/assistantFlowCallable-2026-04-13T00:28:45.124Z","/taskos-a2080/us-central1/assistantFlowCallable-2026-04-13T00:28:45.127Z"],"workRunningCount":2}
[debug] [2026-04-13T00:28:45.127Z] Accepted request POST /taskos-a2080/us-central1/assistantFlowCallable --> us-central1-assistantFlowCallable
[debug] [2026-04-13T00:28:45.128Z] [functions] Runtime ready! Sending request! {"metadata":{"emulator":{"name":"functions"},"message":"[functions] Runtime ready! Sending request!"}}
[debug] [2026-04-13T00:28:45.128Z] [functions] Got req.url=/taskos-a2080/us-central1/assistantFlowCallable, mapping to path=/ {"metadata":{"emulator":{"name":"functions"},"message":"[functions] Got req.url=/taskos-a2080/us-central1/assistantFlowCallable, mapping to path=/"}}
[debug] [2026-04-13T00:28:45.128Z] [worker-pool] submitRequest(triggerId=us-central1-assistantFlowCallable) {"metadata":{"emulator":{"name":"functions"},"message":"[worker-pool] submitRequest(triggerId=us-central1-assistantFlowCallable)"}}
[info] i  functions: Beginning execution of "us-central1-assistantFlowCallable" {"metadata":{"emulator":{"name":"functions"},"function":{"name":"us-central1-assistantFlowCallable"},"extension":{},"message":"Beginning execution of \"us-central1-assistantFlowCallable\""}}
[debug] [2026-04-13T00:28:45.128Z] [worker-us-central1-assistantFlowCallable-0c60787a-4463-4d09-8707-df72359bad88]: BUSY {"metadata":{"emulator":{"name":"functions"},"function":{"name":"us-central1-assistantFlowCallable"},"extension":{},"message":"[worker-us-central1-assistantFlowCallable-0c60787a-4463-4d09-8707-df72359bad88]: BUSY"}}
[info] >  {"verifications":{"app":"MISSING","auth":"VALID"},"logging.googleapis.com/labels":{"firebase-log-type":"callable-request-verification"},"severity":"DEBUG","message":"Callable request verification passed"} {"user":{"verifications":{"app":"MISSING","auth":"VALID"},"logging.googleapis.com/labels":{"firebase-log-type":"callable-request-verification"},"severity":"DEBUG","message":"Callable request verification passed"},"metadata":{"emulator":{"name":"functions"},"function":{"name":"us-central1-assistantFlowCallable"},"extension":{},"message":"\u001b[90m> \u001b[39m {\"verifications\":{\"app\":\"MISSING\",\"auth\":\"VALID\"},\"logging.googleapis.com/labels\":{\"firebase-log-type\":\"callable-request-verification\"},\"severity\":\"DEBUG\",\"message\":\"Callable request verification passed\"}"}}
[debug] [2026-04-13T00:28:54.030Z] Finishing up request with event=pause {"metadata":{"emulator":{"name":"functions"},"function":{"name":"us-central1-assistantFlowCallable"},"extension":{},"message":"Finishing up request with event=pause"}}
[info] i  functions: Finished "us-central1-assistantFlowCallable" in 8905.369375ms {"metadata":{"emulator":{"name":"functions"},"function":{"name":"us-central1-assistantFlowCallable"},"extension":{},"message":"Finished \"us-central1-assistantFlowCallable\" in 8905.369375ms"}}
[debug] [2026-04-13T00:28:54.031Z] [worker-us-central1-assistantFlowCallable-e6ad4a3d-ed1d-4cf8-a229-1835f6adb544]: IDLE {"metadata":{"emulator":{"name":"functions"},"function":{"name":"us-central1-assistantFlowCallable"},"extension":{},"message":"[worker-us-central1-assistantFlowCallable-e6ad4a3d-ed1d-4cf8-a229-1835f6adb544]: IDLE"}}
[debug] [2026-04-13T00:28:54.031Z] Finishing up request with event=finish {"metadata":{"emulator":{"name":"functions"},"function":{"name":"us-central1-assistantFlowCallable"},"extension":{},"message":"Finishing up request with event=finish"}}
[debug] [2026-04-13T00:28:54.032Z] Finishing up request with event=close {"metadata":{"emulator":{"name":"functions"},"function":{"name":"us-central1-assistantFlowCallable"},"extension":{},"message":"Finishing up request with event=close"}}
[debug] [2026-04-13T00:28:54.032Z] [work-queue] {"queuedWork":[],"queueLength":0,"runningWork":["/taskos-a2080/us-central1/assistantFlowCallable-2026-04-13T00:28:45.127Z"],"workRunningCount":1}
[debug] [2026-04-13T00:28:55.112Z] Finishing up request with event=pause {"metadata":{"emulator":{"name":"functions"},"function":{"name":"us-central1-assistantFlowCallable"},"extension":{},"message":"Finishing up request with event=pause"}}
[info] i  functions: Finished "us-central1-assistantFlowCallable" in 9983.426209ms {"metadata":{"emulator":{"name":"functions"},"function":{"name":"us-central1-assistantFlowCallable"},"extension":{},"message":"Finished \"us-central1-assistantFlowCallable\" in 9983.426209ms"}}
[debug] [2026-04-13T00:28:55.112Z] [worker-us-central1-assistantFlowCallable-0c60787a-4463-4d09-8707-df72359bad88]: IDLE {"metadata":{"emulator":{"name":"functions"},"function":{"name":"us-central1-assistantFlowCallable"},"extension":{},"message":"[worker-us-central1-assistantFlowCallable-0c60787a-4463-4d09-8707-df72359bad88]: IDLE"}}
[debug] [2026-04-13T00:28:55.112Z] Finishing up request with event=finish {"metadata":{"emulator":{"name":"functions"},"function":{"name":"us-central1-assistantFlowCallable"},"extension":{},"message":"Finishing up request with event=finish"}}
[debug] [2026-04-13T00:28:55.112Z] Finishing up request with event=close {"metadata":{"emulator":{"name":"functions"},"function":{"name":"us-central1-assistantFlowCallable"},"extension":{},"message":"Finishing up request with event=close"}}
[debug] [2026-04-13T00:28:55.113Z] [work-queue] {"queuedWork":[],"queueLength":0,"runningWork":[],"workRunningCount":0}
[debug] [2026-04-13T00:29:55.237Z] [work-queue] {"queuedWork":["/taskos-a2080/us-central1/assistantFlowCallable-2026-04-13T00:29:55.237Z"],"queueLength":1,"runningWork":[],"workRunningCount":0}
[debug] [2026-04-13T00:29:55.237Z] [work-queue] {"queuedWork":[],"queueLength":0,"runningWork":["/taskos-a2080/us-central1/assistantFlowCallable-2026-04-13T00:29:55.237Z"],"workRunningCount":1}
[debug] [2026-04-13T00:29:55.237Z] Accepted request OPTIONS /taskos-a2080/us-central1/assistantFlowCallable --> us-central1-assistantFlowCallable
[debug] [2026-04-13T00:29:55.239Z] [functions] Runtime ready! Sending request! {"metadata":{"emulator":{"name":"functions"},"message":"[functions] Runtime ready! Sending request!"}}
[debug] [2026-04-13T00:29:55.239Z] [functions] Got req.url=/taskos-a2080/us-central1/assistantFlowCallable, mapping to path=/ {"metadata":{"emulator":{"name":"functions"},"message":"[functions] Got req.url=/taskos-a2080/us-central1/assistantFlowCallable, mapping to path=/"}}
[debug] [2026-04-13T00:29:55.239Z] [worker-pool] submitRequest(triggerId=us-central1-assistantFlowCallable) {"metadata":{"emulator":{"name":"functions"},"message":"[worker-pool] submitRequest(triggerId=us-central1-assistantFlowCallable)"}}
[info] i  functions: Beginning execution of "us-central1-assistantFlowCallable" {"metadata":{"emulator":{"name":"functions"},"function":{"name":"us-central1-assistantFlowCallable"},"extension":{},"message":"Beginning execution of \"us-central1-assistantFlowCallable\""}}
[debug] [2026-04-13T00:29:55.240Z] [worker-us-central1-assistantFlowCallable-e6ad4a3d-ed1d-4cf8-a229-1835f6adb544]: BUSY {"metadata":{"emulator":{"name":"functions"},"function":{"name":"us-central1-assistantFlowCallable"},"extension":{},"message":"[worker-us-central1-assistantFlowCallable-e6ad4a3d-ed1d-4cf8-a229-1835f6adb544]: BUSY"}}
[debug] [2026-04-13T00:29:55.241Z] [work-queue] {"queuedWork":["/taskos-a2080/us-central1/assistantFlowCallable-2026-04-13T00:29:55.241Z"],"queueLength":1,"runningWork":["/taskos-a2080/us-central1/assistantFlowCallable-2026-04-13T00:29:55.237Z"],"workRunningCount":1}
[debug] [2026-04-13T00:29:55.241Z] [work-queue] {"queuedWork":[],"queueLength":0,"runningWork":["/taskos-a2080/us-central1/assistantFlowCallable-2026-04-13T00:29:55.237Z","/taskos-a2080/us-central1/assistantFlowCallable-2026-04-13T00:29:55.241Z"],"workRunningCount":2}
[debug] [2026-04-13T00:29:55.241Z] Accepted request OPTIONS /taskos-a2080/us-central1/assistantFlowCallable --> us-central1-assistantFlowCallable
[debug] [2026-04-13T00:29:55.243Z] [functions] Runtime ready! Sending request! {"metadata":{"emulator":{"name":"functions"},"message":"[functions] Runtime ready! Sending request!"}}
[debug] [2026-04-13T00:29:55.244Z] [functions] Got req.url=/taskos-a2080/us-central1/assistantFlowCallable, mapping to path=/ {"metadata":{"emulator":{"name":"functions"},"message":"[functions] Got req.url=/taskos-a2080/us-central1/assistantFlowCallable, mapping to path=/"}}
[debug] [2026-04-13T00:29:55.244Z] [worker-pool] submitRequest(triggerId=us-central1-assistantFlowCallable) {"metadata":{"emulator":{"name":"functions"},"message":"[worker-pool] submitRequest(triggerId=us-central1-assistantFlowCallable)"}}
[info] i  functions: Beginning execution of "us-central1-assistantFlowCallable" {"metadata":{"emulator":{"name":"functions"},"function":{"name":"us-central1-assistantFlowCallable"},"extension":{},"message":"Beginning execution of \"us-central1-assistantFlowCallable\""}}
[debug] [2026-04-13T00:29:55.245Z] [worker-us-central1-assistantFlowCallable-0c60787a-4463-4d09-8707-df72359bad88]: BUSY {"metadata":{"emulator":{"name":"functions"},"function":{"name":"us-central1-assistantFlowCallable"},"extension":{},"message":"[worker-us-central1-assistantFlowCallable-0c60787a-4463-4d09-8707-df72359bad88]: BUSY"}}
[debug] [2026-04-13T00:29:55.250Z] Finishing up request with event=pause {"metadata":{"emulator":{"name":"functions"},"function":{"name":"us-central1-assistantFlowCallable"},"extension":{},"message":"Finishing up request with event=pause"}}
[info] i  functions: Finished "us-central1-assistantFlowCallable" in 9.894125ms {"metadata":{"emulator":{"name":"functions"},"function":{"name":"us-central1-assistantFlowCallable"},"extension":{},"message":"Finished \"us-central1-assistantFlowCallable\" in 9.894125ms"}}
[debug] [2026-04-13T00:29:55.250Z] [worker-us-central1-assistantFlowCallable-e6ad4a3d-ed1d-4cf8-a229-1835f6adb544]: IDLE {"metadata":{"emulator":{"name":"functions"},"function":{"name":"us-central1-assistantFlowCallable"},"extension":{},"message":"[worker-us-central1-assistantFlowCallable-e6ad4a3d-ed1d-4cf8-a229-1835f6adb544]: IDLE"}}
[debug] [2026-04-13T00:29:55.250Z] Finishing up request with event=finish {"metadata":{"emulator":{"name":"functions"},"function":{"name":"us-central1-assistantFlowCallable"},"extension":{},"message":"Finishing up request with event=finish"}}
[debug] [2026-04-13T00:29:55.250Z] Finishing up request with event=close {"metadata":{"emulator":{"name":"functions"},"function":{"name":"us-central1-assistantFlowCallable"},"extension":{},"message":"Finishing up request with event=close"}}
[debug] [2026-04-13T00:29:55.250Z] [work-queue] {"queuedWork":[],"queueLength":0,"runningWork":["/taskos-a2080/us-central1/assistantFlowCallable-2026-04-13T00:29:55.241Z"],"workRunningCount":1}
[debug] [2026-04-13T00:29:55.251Z] Finishing up request with event=pause {"metadata":{"emulator":{"name":"functions"},"function":{"name":"us-central1-assistantFlowCallable"},"extension":{},"message":"Finishing up request with event=pause"}}
[info] i  functions: Finished "us-central1-assistantFlowCallable" in 5.876709ms {"metadata":{"emulator":{"name":"functions"},"function":{"name":"us-central1-assistantFlowCallable"},"extension":{},"message":"Finished \"us-central1-assistantFlowCallable\" in 5.876709ms"}}
[debug] [2026-04-13T00:29:55.251Z] [worker-us-central1-assistantFlowCallable-0c60787a-4463-4d09-8707-df72359bad88]: IDLE {"metadata":{"emulator":{"name":"functions"},"function":{"name":"us-central1-assistantFlowCallable"},"extension":{},"message":"[worker-us-central1-assistantFlowCallable-0c60787a-4463-4d09-8707-df72359bad88]: IDLE"}}
[debug] [2026-04-13T00:29:55.251Z] Finishing up request with event=finish {"metadata":{"emulator":{"name":"functions"},"function":{"name":"us-central1-assistantFlowCallable"},"extension":{},"message":"Finishing up request with event=finish"}}
[debug] [2026-04-13T00:29:55.251Z] Finishing up request with event=close {"metadata":{"emulator":{"name":"functions"},"function":{"name":"us-central1-assistantFlowCallable"},"extension":{},"message":"Finishing up request with event=close"}}
[debug] [2026-04-13T00:29:55.251Z] [work-queue] {"queuedWork":[],"queueLength":0,"runningWork":[],"workRunningCount":0}
[debug] [2026-04-13T00:29:55.252Z] [work-queue] {"queuedWork":["/taskos-a2080/us-central1/assistantFlowCallable-2026-04-13T00:29:55.252Z"],"queueLength":1,"runningWork":[],"workRunningCount":0}
[debug] [2026-04-13T00:29:55.252Z] [work-queue] {"queuedWork":[],"queueLength":0,"runningWork":["/taskos-a2080/us-central1/assistantFlowCallable-2026-04-13T00:29:55.252Z"],"workRunningCount":1}
[debug] [2026-04-13T00:29:55.252Z] Accepted request POST /taskos-a2080/us-central1/assistantFlowCallable --> us-central1-assistantFlowCallable
[debug] [2026-04-13T00:29:55.253Z] [functions] Runtime ready! Sending request! {"metadata":{"emulator":{"name":"functions"},"message":"[functions] Runtime ready! Sending request!"}}
[debug] [2026-04-13T00:29:55.253Z] [functions] Got req.url=/taskos-a2080/us-central1/assistantFlowCallable, mapping to path=/ {"metadata":{"emulator":{"name":"functions"},"message":"[functions] Got req.url=/taskos-a2080/us-central1/assistantFlowCallable, mapping to path=/"}}
[debug] [2026-04-13T00:29:55.253Z] [worker-pool] submitRequest(triggerId=us-central1-assistantFlowCallable) {"metadata":{"emulator":{"name":"functions"},"message":"[worker-pool] submitRequest(triggerId=us-central1-assistantFlowCallable)"}}
[info] i  functions: Beginning execution of "us-central1-assistantFlowCallable" {"metadata":{"emulator":{"name":"functions"},"function":{"name":"us-central1-assistantFlowCallable"},"extension":{},"message":"Beginning execution of \"us-central1-assistantFlowCallable\""}}
[debug] [2026-04-13T00:29:55.253Z] [worker-us-central1-assistantFlowCallable-e6ad4a3d-ed1d-4cf8-a229-1835f6adb544]: BUSY {"metadata":{"emulator":{"name":"functions"},"function":{"name":"us-central1-assistantFlowCallable"},"extension":{},"message":"[worker-us-central1-assistantFlowCallable-e6ad4a3d-ed1d-4cf8-a229-1835f6adb544]: BUSY"}}
[debug] [2026-04-13T00:29:55.253Z] [work-queue] {"queuedWork":["/taskos-a2080/us-central1/assistantFlowCallable-2026-04-13T00:29:55.253Z"],"queueLength":1,"runningWork":["/taskos-a2080/us-central1/assistantFlowCallable-2026-04-13T00:29:55.252Z"],"workRunningCount":1}
[debug] [2026-04-13T00:29:55.253Z] [work-queue] {"queuedWork":[],"queueLength":0,"runningWork":["/taskos-a2080/us-central1/assistantFlowCallable-2026-04-13T00:29:55.252Z","/taskos-a2080/us-central1/assistantFlowCallable-2026-04-13T00:29:55.253Z"],"workRunningCount":2}
[debug] [2026-04-13T00:29:55.253Z] Accepted request POST /taskos-a2080/us-central1/assistantFlowCallable --> us-central1-assistantFlowCallable
[debug] [2026-04-13T00:29:55.254Z] [functions] Runtime ready! Sending request! {"metadata":{"emulator":{"name":"functions"},"message":"[functions] Runtime ready! Sending request!"}}
[debug] [2026-04-13T00:29:55.254Z] [functions] Got req.url=/taskos-a2080/us-central1/assistantFlowCallable, mapping to path=/ {"metadata":{"emulator":{"name":"functions"},"message":"[functions] Got req.url=/taskos-a2080/us-central1/assistantFlowCallable, mapping to path=/"}}
[debug] [2026-04-13T00:29:55.254Z] [worker-pool] submitRequest(triggerId=us-central1-assistantFlowCallable) {"metadata":{"emulator":{"name":"functions"},"message":"[worker-pool] submitRequest(triggerId=us-central1-assistantFlowCallable)"}}
[info] i  functions: Beginning execution of "us-central1-assistantFlowCallable" {"metadata":{"emulator":{"name":"functions"},"function":{"name":"us-central1-assistantFlowCallable"},"extension":{},"message":"Beginning execution of \"us-central1-assistantFlowCallable\""}}
[debug] [2026-04-13T00:29:55.254Z] [worker-us-central1-assistantFlowCallable-0c60787a-4463-4d09-8707-df72359bad88]: BUSY {"metadata":{"emulator":{"name":"functions"},"function":{"name":"us-central1-assistantFlowCallable"},"extension":{},"message":"[worker-us-central1-assistantFlowCallable-0c60787a-4463-4d09-8707-df72359bad88]: BUSY"}}
[info] >  {"verifications":{"app":"MISSING","auth":"VALID"},"logging.googleapis.com/labels":{"firebase-log-type":"callable-request-verification"},"severity":"DEBUG","message":"Callable request verification passed"} {"user":{"verifications":{"app":"MISSING","auth":"VALID"},"logging.googleapis.com/labels":{"firebase-log-type":"callable-request-verification"},"severity":"DEBUG","message":"Callable request verification passed"},"metadata":{"emulator":{"name":"functions"},"function":{"name":"us-central1-assistantFlowCallable"},"extension":{},"message":"\u001b[90m> \u001b[39m {\"verifications\":{\"app\":\"MISSING\",\"auth\":\"VALID\"},\"logging.googleapis.com/labels\":{\"firebase-log-type\":\"callable-request-verification\"},\"severity\":\"DEBUG\",\"message\":\"Callable request verification passed\"}"}}
[info] >  {"verifications":{"app":"MISSING","auth":"VALID"},"logging.googleapis.com/labels":{"firebase-log-type":"callable-request-verification"},"severity":"DEBUG","message":"Callable request verification passed"} {"user":{"verifications":{"app":"MISSING","auth":"VALID"},"logging.googleapis.com/labels":{"firebase-log-type":"callable-request-verification"},"severity":"DEBUG","message":"Callable request verification passed"},"metadata":{"emulator":{"name":"functions"},"function":{"name":"us-central1-assistantFlowCallable"},"extension":{},"message":"\u001b[90m> \u001b[39m {\"verifications\":{\"app\":\"MISSING\",\"auth\":\"VALID\"},\"logging.googleapis.com/labels\":{\"firebase-log-type\":\"callable-request-verification\"},\"severity\":\"DEBUG\",\"message\":\"Callable request verification passed\"}"}}
[debug] [2026-04-13T00:30:03.459Z] Finishing up request with event=pause {"metadata":{"emulator":{"name":"functions"},"function":{"name":"us-central1-assistantFlowCallable"},"extension":{},"message":"Finishing up request with event=pause"}}
[info] i  functions: Finished "us-central1-assistantFlowCallable" in 8206.095208ms {"metadata":{"emulator":{"name":"functions"},"function":{"name":"us-central1-assistantFlowCallable"},"extension":{},"message":"Finished \"us-central1-assistantFlowCallable\" in 8206.095208ms"}}
[debug] [2026-04-13T00:30:03.460Z] [worker-us-central1-assistantFlowCallable-e6ad4a3d-ed1d-4cf8-a229-1835f6adb544]: IDLE {"metadata":{"emulator":{"name":"functions"},"function":{"name":"us-central1-assistantFlowCallable"},"extension":{},"message":"[worker-us-central1-assistantFlowCallable-e6ad4a3d-ed1d-4cf8-a229-1835f6adb544]: IDLE"}}
[debug] [2026-04-13T00:30:03.460Z] Finishing up request with event=finish {"metadata":{"emulator":{"name":"functions"},"function":{"name":"us-central1-assistantFlowCallable"},"extension":{},"message":"Finishing up request with event=finish"}}
[debug] [2026-04-13T00:30:03.460Z] Finishing up request with event=close {"metadata":{"emulator":{"name":"functions"},"function":{"name":"us-central1-assistantFlowCallable"},"extension":{},"message":"Finishing up request with event=close"}}
[debug] [2026-04-13T00:30:03.460Z] [work-queue] {"queuedWork":[],"queueLength":0,"runningWork":["/taskos-a2080/us-central1/assistantFlowCallable-2026-04-13T00:29:55.253Z"],"workRunningCount":1}
[debug] [2026-04-13T00:30:12.337Z] Finishing up request with event=pause {"metadata":{"emulator":{"name":"functions"},"function":{"name":"us-central1-assistantFlowCallable"},"extension":{},"message":"Finishing up request with event=pause"}}
[info] i  functions: Finished "us-central1-assistantFlowCallable" in 17083.105459ms {"metadata":{"emulator":{"name":"functions"},"function":{"name":"us-central1-assistantFlowCallable"},"extension":{},"message":"Finished \"us-central1-assistantFlowCallable\" in 17083.105459ms"}}
[debug] [2026-04-13T00:30:12.337Z] [worker-us-central1-assistantFlowCallable-0c60787a-4463-4d09-8707-df72359bad88]: IDLE {"metadata":{"emulator":{"name":"functions"},"function":{"name":"us-central1-assistantFlowCallable"},"extension":{},"message":"[worker-us-central1-assistantFlowCallable-0c60787a-4463-4d09-8707-df72359bad88]: IDLE"}}
[debug] [2026-04-13T00:30:12.338Z] Finishing up request with event=finish {"metadata":{"emulator":{"name":"functions"},"function":{"name":"us-central1-assistantFlowCallable"},"extension":{},"message":"Finishing up request with event=finish"}}
[debug] [2026-04-13T00:30:12.338Z] Finishing up request with event=close {"metadata":{"emulator":{"name":"functions"},"function":{"name":"us-central1-assistantFlowCallable"},"extension":{},"message":"Finishing up request with event=close"}}
[debug] [2026-04-13T00:30:12.338Z] [work-queue] {"queuedWork":[],"queueLength":0,"runningWork":[],"workRunningCount":0}
[debug] [2026-04-13T00:31:01.542Z] [work-queue] {"queuedWork":["/taskos-a2080/us-central1/assistantFlowCallable-2026-04-13T00:31:01.542Z"],"queueLength":1,"runningWork":[],"workRunningCount":0}
[debug] [2026-04-13T00:31:01.543Z] [work-queue] {"queuedWork":[],"queueLength":0,"runningWork":["/taskos-a2080/us-central1/assistantFlowCallable-2026-04-13T00:31:01.542Z"],"workRunningCount":1}
[debug] [2026-04-13T00:31:01.543Z] Accepted request OPTIONS /taskos-a2080/us-central1/assistantFlowCallable --> us-central1-assistantFlowCallable
[debug] [2026-04-13T00:31:01.546Z] [functions] Runtime ready! Sending request! {"metadata":{"emulator":{"name":"functions"},"message":"[functions] Runtime ready! Sending request!"}}
[debug] [2026-04-13T00:31:01.546Z] [functions] Got req.url=/taskos-a2080/us-central1/assistantFlowCallable, mapping to path=/ {"metadata":{"emulator":{"name":"functions"},"message":"[functions] Got req.url=/taskos-a2080/us-central1/assistantFlowCallable, mapping to path=/"}}
[debug] [2026-04-13T00:31:01.546Z] [worker-pool] submitRequest(triggerId=us-central1-assistantFlowCallable) {"metadata":{"emulator":{"name":"functions"},"message":"[worker-pool] submitRequest(triggerId=us-central1-assistantFlowCallable)"}}
[info] i  functions: Beginning execution of "us-central1-assistantFlowCallable" {"metadata":{"emulator":{"name":"functions"},"function":{"name":"us-central1-assistantFlowCallable"},"extension":{},"message":"Beginning execution of \"us-central1-assistantFlowCallable\""}}
[debug] [2026-04-13T00:31:01.546Z] [worker-us-central1-assistantFlowCallable-e6ad4a3d-ed1d-4cf8-a229-1835f6adb544]: BUSY {"metadata":{"emulator":{"name":"functions"},"function":{"name":"us-central1-assistantFlowCallable"},"extension":{},"message":"[worker-us-central1-assistantFlowCallable-e6ad4a3d-ed1d-4cf8-a229-1835f6adb544]: BUSY"}}
[debug] [2026-04-13T00:31:01.550Z] Finishing up request with event=pause {"metadata":{"emulator":{"name":"functions"},"function":{"name":"us-central1-assistantFlowCallable"},"extension":{},"message":"Finishing up request with event=pause"}}
[info] i  functions: Finished "us-central1-assistantFlowCallable" in 3.263083ms {"metadata":{"emulator":{"name":"functions"},"function":{"name":"us-central1-assistantFlowCallable"},"extension":{},"message":"Finished \"us-central1-assistantFlowCallable\" in 3.263083ms"}}
[debug] [2026-04-13T00:31:01.550Z] [worker-us-central1-assistantFlowCallable-e6ad4a3d-ed1d-4cf8-a229-1835f6adb544]: IDLE {"metadata":{"emulator":{"name":"functions"},"function":{"name":"us-central1-assistantFlowCallable"},"extension":{},"message":"[worker-us-central1-assistantFlowCallable-e6ad4a3d-ed1d-4cf8-a229-1835f6adb544]: IDLE"}}
[debug] [2026-04-13T00:31:01.550Z] Finishing up request with event=finish {"metadata":{"emulator":{"name":"functions"},"function":{"name":"us-central1-assistantFlowCallable"},"extension":{},"message":"Finishing up request with event=finish"}}
[debug] [2026-04-13T00:31:01.550Z] Finishing up request with event=close {"metadata":{"emulator":{"name":"functions"},"function":{"name":"us-central1-assistantFlowCallable"},"extension":{},"message":"Finishing up request with event=close"}}
[debug] [2026-04-13T00:31:01.550Z] [work-queue] {"queuedWork":[],"queueLength":0,"runningWork":[],"workRunningCount":0}
[debug] [2026-04-13T00:31:01.551Z] [work-queue] {"queuedWork":["/taskos-a2080/us-central1/assistantFlowCallable-2026-04-13T00:31:01.551Z"],"queueLength":1,"runningWork":[],"workRunningCount":0}
[debug] [2026-04-13T00:31:01.551Z] [work-queue] {"queuedWork":[],"queueLength":0,"runningWork":["/taskos-a2080/us-central1/assistantFlowCallable-2026-04-13T00:31:01.551Z"],"workRunningCount":1}
[debug] [2026-04-13T00:31:01.551Z] Accepted request POST /taskos-a2080/us-central1/assistantFlowCallable --> us-central1-assistantFlowCallable
[debug] [2026-04-13T00:31:01.553Z] [functions] Runtime ready! Sending request! {"metadata":{"emulator":{"name":"functions"},"message":"[functions] Runtime ready! Sending request!"}}
[debug] [2026-04-13T00:31:01.553Z] [functions] Got req.url=/taskos-a2080/us-central1/assistantFlowCallable, mapping to path=/ {"metadata":{"emulator":{"name":"functions"},"message":"[functions] Got req.url=/taskos-a2080/us-central1/assistantFlowCallable, mapping to path=/"}}
[debug] [2026-04-13T00:31:01.553Z] [worker-pool] submitRequest(triggerId=us-central1-assistantFlowCallable) {"metadata":{"emulator":{"name":"functions"},"message":"[worker-pool] submitRequest(triggerId=us-central1-assistantFlowCallable)"}}
[info] i  functions: Beginning execution of "us-central1-assistantFlowCallable" {"metadata":{"emulator":{"name":"functions"},"function":{"name":"us-central1-assistantFlowCallable"},"extension":{},"message":"Beginning execution of \"us-central1-assistantFlowCallable\""}}
[debug] [2026-04-13T00:31:01.554Z] [worker-us-central1-assistantFlowCallable-e6ad4a3d-ed1d-4cf8-a229-1835f6adb544]: BUSY {"metadata":{"emulator":{"name":"functions"},"function":{"name":"us-central1-assistantFlowCallable"},"extension":{},"message":"[worker-us-central1-assistantFlowCallable-e6ad4a3d-ed1d-4cf8-a229-1835f6adb544]: BUSY"}}
[info] >  {"verifications":{"app":"MISSING","auth":"VALID"},"logging.googleapis.com/labels":{"firebase-log-type":"callable-request-verification"},"severity":"DEBUG","message":"Callable request verification passed"} {"user":{"verifications":{"app":"MISSING","auth":"VALID"},"logging.googleapis.com/labels":{"firebase-log-type":"callable-request-verification"},"severity":"DEBUG","message":"Callable request verification passed"},"metadata":{"emulator":{"name":"functions"},"function":{"name":"us-central1-assistantFlowCallable"},"extension":{},"message":"\u001b[90m> \u001b[39m {\"verifications\":{\"app\":\"MISSING\",\"auth\":\"VALID\"},\"logging.googleapis.com/labels\":{\"firebase-log-type\":\"callable-request-verification\"},\"severity\":\"DEBUG\",\"message\":\"Callable request verification passed\"}"}}
[debug] [2026-04-13T00:31:03.940Z] [work-queue] {"queuedWork":["/taskos-a2080/us-central1/assistantFlowCallable-2026-04-13T00:31:03.940Z"],"queueLength":1,"runningWork":["/taskos-a2080/us-central1/assistantFlowCallable-2026-04-13T00:31:01.551Z"],"workRunningCount":1}
[debug] [2026-04-13T00:31:03.940Z] [work-queue] {"queuedWork":[],"queueLength":0,"runningWork":["/taskos-a2080/us-central1/assistantFlowCallable-2026-04-13T00:31:01.551Z","/taskos-a2080/us-central1/assistantFlowCallable-2026-04-13T00:31:03.940Z"],"workRunningCount":2}
[debug] [2026-04-13T00:31:03.940Z] Accepted request POST /taskos-a2080/us-central1/assistantFlowCallable --> us-central1-assistantFlowCallable
[debug] [2026-04-13T00:31:03.941Z] [functions] Runtime ready! Sending request! {"metadata":{"emulator":{"name":"functions"},"message":"[functions] Runtime ready! Sending request!"}}
[debug] [2026-04-13T00:31:03.941Z] [functions] Got req.url=/taskos-a2080/us-central1/assistantFlowCallable, mapping to path=/ {"metadata":{"emulator":{"name":"functions"},"message":"[functions] Got req.url=/taskos-a2080/us-central1/assistantFlowCallable, mapping to path=/"}}
[debug] [2026-04-13T00:31:03.941Z] [worker-pool] submitRequest(triggerId=us-central1-assistantFlowCallable) {"metadata":{"emulator":{"name":"functions"},"message":"[worker-pool] submitRequest(triggerId=us-central1-assistantFlowCallable)"}}
[info] i  functions: Beginning execution of "us-central1-assistantFlowCallable" {"metadata":{"emulator":{"name":"functions"},"function":{"name":"us-central1-assistantFlowCallable"},"extension":{},"message":"Beginning execution of \"us-central1-assistantFlowCallable\""}}
[debug] [2026-04-13T00:31:03.942Z] [worker-us-central1-assistantFlowCallable-0c60787a-4463-4d09-8707-df72359bad88]: BUSY {"metadata":{"emulator":{"name":"functions"},"function":{"name":"us-central1-assistantFlowCallable"},"extension":{},"message":"[worker-us-central1-assistantFlowCallable-0c60787a-4463-4d09-8707-df72359bad88]: BUSY"}}
[info] >  {"verifications":{"app":"MISSING","auth":"VALID"},"logging.googleapis.com/labels":{"firebase-log-type":"callable-request-verification"},"severity":"DEBUG","message":"Callable request verification passed"} {"user":{"verifications":{"app":"MISSING","auth":"VALID"},"logging.googleapis.com/labels":{"firebase-log-type":"callable-request-verification"},"severity":"DEBUG","message":"Callable request verification passed"},"metadata":{"emulator":{"name":"functions"},"function":{"name":"us-central1-assistantFlowCallable"},"extension":{},"message":"\u001b[90m> \u001b[39m {\"verifications\":{\"app\":\"MISSING\",\"auth\":\"VALID\"},\"logging.googleapis.com/labels\":{\"firebase-log-type\":\"callable-request-verification\"},\"severity\":\"DEBUG\",\"message\":\"Callable request verification passed\"}"}}
[debug] [2026-04-13T00:31:07.246Z] Finishing up request with event=pause {"metadata":{"emulator":{"name":"functions"},"function":{"name":"us-central1-assistantFlowCallable"},"extension":{},"message":"Finishing up request with event=pause"}}
[info] i  functions: Finished "us-central1-assistantFlowCallable" in 5692.448292ms {"metadata":{"emulator":{"name":"functions"},"function":{"name":"us-central1-assistantFlowCallable"},"extension":{},"message":"Finished \"us-central1-assistantFlowCallable\" in 5692.448292ms"}}
[debug] [2026-04-13T00:31:07.246Z] [worker-us-central1-assistantFlowCallable-e6ad4a3d-ed1d-4cf8-a229-1835f6adb544]: IDLE {"metadata":{"emulator":{"name":"functions"},"function":{"name":"us-central1-assistantFlowCallable"},"extension":{},"message":"[worker-us-central1-assistantFlowCallable-e6ad4a3d-ed1d-4cf8-a229-1835f6adb544]: IDLE"}}
[debug] [2026-04-13T00:31:07.247Z] Finishing up request with event=finish {"metadata":{"emulator":{"name":"functions"},"function":{"name":"us-central1-assistantFlowCallable"},"extension":{},"message":"Finishing up request with event=finish"}}
[debug] [2026-04-13T00:31:07.247Z] Finishing up request with event=close {"metadata":{"emulator":{"name":"functions"},"function":{"name":"us-central1-assistantFlowCallable"},"extension":{},"message":"Finishing up request with event=close"}}
[debug] [2026-04-13T00:31:07.247Z] [work-queue] {"queuedWork":[],"queueLength":0,"runningWork":["/taskos-a2080/us-central1/assistantFlowCallable-2026-04-13T00:31:03.940Z"],"workRunningCount":1}
[debug] [2026-04-13T00:31:11.980Z] Finishing up request with event=pause {"metadata":{"emulator":{"name":"functions"},"function":{"name":"us-central1-assistantFlowCallable"},"extension":{},"message":"Finishing up request with event=pause"}}
[info] i  functions: Finished "us-central1-assistantFlowCallable" in 8038.123958ms {"metadata":{"emulator":{"name":"functions"},"function":{"name":"us-central1-assistantFlowCallable"},"extension":{},"message":"Finished \"us-central1-assistantFlowCallable\" in 8038.123958ms"}}
[debug] [2026-04-13T00:31:11.980Z] [worker-us-central1-assistantFlowCallable-0c60787a-4463-4d09-8707-df72359bad88]: IDLE {"metadata":{"emulator":{"name":"functions"},"function":{"name":"us-central1-assistantFlowCallable"},"extension":{},"message":"[worker-us-central1-assistantFlowCallable-0c60787a-4463-4d09-8707-df72359bad88]: IDLE"}}
[debug] [2026-04-13T00:31:11.980Z] Finishing up request with event=finish {"metadata":{"emulator":{"name":"functions"},"function":{"name":"us-central1-assistantFlowCallable"},"extension":{},"message":"Finishing up request with event=finish"}}
[debug] [2026-04-13T00:31:11.980Z] Finishing up request with event=close {"metadata":{"emulator":{"name":"functions"},"function":{"name":"us-central1-assistantFlowCallable"},"extension":{},"message":"Finishing up request with event=close"}}
[debug] [2026-04-13T00:31:11.980Z] [work-queue] {"queuedWork":[],"queueLength":0,"runningWork":[],"workRunningCount":0}
